── Attaching packages ─────────────────────────────────────── tidyverse 1.3.1 ──
✔ ggplot2 3.3.3     ✔ purrr   0.3.4
✔ tibble  3.1.2     ✔ dplyr   1.0.6
✔ tidyr   1.1.3     ✔ stringr 1.4.0
✔ readr   1.4.0     ✔ forcats 0.5.1
── Conflicts ────────────────────────────────────────── tidyverse_conflicts() ──
✖ dplyr::filter() masks stats::filter()
✖ dplyr::lag()    masks stats::lag()
Loading required package: StanHeaders
rstan (Version 2.21.2, GitRev: 2e1f913d3ca3)
For execution on a local, multicore CPU with excess RAM we recommend calling
options(mc.cores = parallel::detectCores()).
To avoid recompilation of unchanged Stan programs, we recommend calling
rstan_options(auto_write = TRUE)

Attaching package: ‘rstan’

The following object is masked from ‘package:tidyr’:

    extract

This is bayesplot version 1.8.0
- Online documentation and vignettes at mc-stan.org/bayesplot
- bayesplot theme set to bayesplot::theme_default()
   * Does _not_ affect other ggplot2 plots
   * See ?bayesplot_theme_set for details on theme setting
[1] "Model  model_inter"
[1] "Model for  dry season"
[1] "Use full"
[1] "Habitat = all"
[1] "n_iter = 4000"
[1] "n_warm = 2000"
[1] "n_thin = 1"
[1] "n_chains = 4"
[1] "adapt_delta = 0.95"
[1] "minimum sp abund = 50"

── Column specification ────────────────────────────────────────────────────────
cols(
  qua = col_double(),
  gx = col_double(),
  gy = col_double(),
  plot = col_double(),
  tag = col_character(),
  quadrat = col_character(),
  SPcode = col_character(),
  height = col_double(),
  date = col_character(),
  census = col_character(),
  year = col_double(),
  season = col_character(),
  survive = col_double(),
  CONS = col_double(),
  CONA = col_double(),
  HETA = col_double(),
  HETS = col_double(),
  Rainfall = col_double(),
  habitat = col_character()
)


── Column specification ────────────────────────────────────────────────────────
cols(
  qua = col_double(),
  habit3 = col_character(),
  seedtrap = col_double(),
  habit5 = col_character()
)


── Column specification ────────────────────────────────────────────────────────
cols(
  SPcode = col_character(),
  LDMC = col_double(),
  WD = col_double(),
  SDMC = col_double(),
  LA = col_double(),
  SLA = col_double(),
  Chl = col_double(),
  LT = col_double(),
  C13 = col_double(),
  C = col_double(),
  N = col_double(),
  CN = col_double(),
  tlp = col_double()
)

No. of species
76
[1] "Sp-level: except for WD"
[1] "sp number in seedling data: 76"
[1] "sp number in trait data: 76"
data{
  int<lower=0> N; // number of sample
  int<lower=1> J; // number of sp
  int<lower=1> K; // number of tree-level preditor (i.e, CONS, HETS,...)
  int<lower=1> L; // number of sp-level predictor (i.e., interecept and WP)
  int<lower=1> M; // number of seedling individuals (tag)
  int<lower=1> S; // number of site
  int<lower=1> T; // number of census
  matrix[N, K] x; // tree-level predictor
  matrix[J, L] u; // sp-level predictor
  int<lower=0,upper=1> suv[N]; // 1 or 0
  int<lower=1,upper=J> sp[N]; // integer
  int<lower=1,upper=S> plot[N]; // integer
  int<lower=1,upper=T> census[N]; // integer
  int<lower=1> tag[N]; // integer
}

parameters{
  matrix[K, J] z;
  vector[S] phi_raw;
  vector[T] xi_raw;
  vector[M] psi_raw;
  matrix[L, K] gamma;
  cholesky_factor_corr[K] L_Omega;
  vector<lower=0,upper=pi()/2>[K] tau_unif;
  vector<lower=0,upper=pi()/2>[3] sig_unif;
}

transformed parameters{
  matrix[J, K] beta;
  vector<lower=0>[K] tau;
  vector<lower=0>[3] sig;
  vector[S] phi;
  vector[T] xi;
  vector[M] psi;
  for (k in 1:K) tau[k] = 2.5 * tan(tau_unif[k]); // implies tau ~ cauchy(0, 2.5)
  for (i in 1:3) sig[i] = 2.5 * tan(sig_unif[i]); // implies sig ~ cauchy(0, 2.5)
  beta = u * gamma + (diag_pre_multiply(tau,L_Omega) * z)';
  phi = phi_raw * sig[1];
  xi = xi_raw * sig[2];
  psi = psi_raw * sig[3];
}

model {
  // Hyper-priors
  to_vector(z) ~ std_normal();
  to_vector(phi_raw) ~ std_normal();
  to_vector(xi_raw) ~ std_normal();
  to_vector(psi_raw) ~ std_normal();
  L_Omega ~ lkj_corr_cholesky(2); // uniform of L_Omega * L_Omega'
  // Priors
  to_vector(gamma) ~ normal(0, 5);
  // Likelihood
  suv ~ bernoulli_logit(rows_dot_product(beta[sp] , x) + phi[plot] + xi[census] + psi[tag]);
}

generated quantities {
  vector[N] log_lik;
  corr_matrix[K] Omega;
  Omega = multiply_lower_tri_self_transpose(L_Omega);
  for (n in 1:N) {
    log_lik[n] = bernoulli_logit_lpmf(suv[n] | dot_product(beta[sp[n],] , x[n,]) + phi[plot[n]] + xi[census[n]] + psi[tag[n]]);
  }
}
[1] "use c = 0.27 as a scaling parameter for the distance effect"
[1] "n_sp = J =76"
[1] "n_para = K = 11"
[1] "n_plot = S = 384"
[1] "n_census = T = 10"
[1] "n_tag = M = 9153"

CHECKING DATA AND PREPROCESSING FOR MODEL 'model_inter' NOW.

COMPILING MODEL 'model_inter' NOW.

STARTING SAMPLER FOR MODEL 'model_inter' NOW.

CHECKING DATA AND PREPROCESSING FOR MODEL 'model_inter' NOW.

CHECKING DATA AND PREPROCESSING FOR MODEL 'model_inter' NOW.

COMPILING MODEL 'model_inter' NOW.

STARTING SAMPLER FOR MODEL 'model_inter' NOW.

CHECKING DATA AND PREPROCESSING FOR MODEL 'model_inter' NOW.

COMPILING MODEL 'model_inter' NOW.

STARTING SAMPLER FOR MODEL 'model_inter' NOW.

CHECKING DATA AND PREPROCESSING FOR MODEL 'model_inter' NOW.

COMPILING MODEL 'model_inter' NOW.

STARTING SAMPLER FOR MODEL 'model_inter' NOW.

COMPILING MODEL 'model_inter' NOW.

STARTING SAMPLER FOR MODEL 'model_inter' NOW.

SAMPLING FOR MODEL 'model_inter' NOW (CHAIN 2).

SAMPLING FOR MODEL 'model_inter' NOW (CHAIN 1).

SAMPLING FOR MODEL 'model_inter' NOW (CHAIN 3).

SAMPLING FOR MODEL 'model_inter' NOW (CHAIN 4).
Chain 3: 
Chain 3: Gradient evaluation took 0.020291 seconds
Chain 3: 1000 transitions using 10 leapfrog steps per transition would take 202.91 seconds.
Chain 3: Adjust your expectations accordingly!
Chain 3: 
Chain 3: 
Chain 3: Iteration:    1 / 4000 [  0%]  (Warmup)
Chain 4: 
Chain 4: Gradient evaluation took 0.019213 seconds
Chain 4: 1000 transitions using 10 leapfrog steps per transition would take 192.13 seconds.
Chain 4: Adjust your expectations accordingly!
Chain 4: 
Chain 4: 
Chain 4: Iteration:    1 / 4000 [  0%]  (Warmup)
Chain 2: 
Chain 2: Gradient evaluation took 0.032648 seconds
Chain 2: 1000 transitions using 10 leapfrog steps per transition would take 326.48 seconds.
Chain 2: Adjust your expectations accordingly!
Chain 2: 
Chain 2: 
Chain 2: Iteration:    1 / 4000 [  0%]  (Warmup)
Chain 1: 
Chain 1: Gradient evaluation took 0.034881 seconds
Chain 1: 1000 transitions using 10 leapfrog steps per transition would take 348.81 seconds.
Chain 1: Adjust your expectations accordingly!
Chain 1: 
Chain 1: 
Chain 1: Iteration:    1 / 4000 [  0%]  (Warmup)
Chain 3: Iteration:  200 / 4000 [  5%]  (Warmup)
Chain 4: Iteration:  200 / 4000 [  5%]  (Warmup)
Chain 1: Iteration:  200 / 4000 [  5%]  (Warmup)
Chain 2: Iteration:  200 / 4000 [  5%]  (Warmup)
Chain 3: Iteration:  400 / 4000 [ 10%]  (Warmup)
Chain 2: Iteration:  400 / 4000 [ 10%]  (Warmup)
Chain 4: Iteration:  400 / 4000 [ 10%]  (Warmup)
Chain 1: Iteration:  400 / 4000 [ 10%]  (Warmup)
Chain 3: Iteration:  600 / 4000 [ 15%]  (Warmup)
Chain 2: Iteration:  600 / 4000 [ 15%]  (Warmup)
Chain 4: Iteration:  600 / 4000 [ 15%]  (Warmup)
Chain 3: Iteration:  800 / 4000 [ 20%]  (Warmup)
Chain 1: Iteration:  600 / 4000 [ 15%]  (Warmup)
Chain 2: Iteration:  800 / 4000 [ 20%]  (Warmup)
Chain 4: Iteration:  800 / 4000 [ 20%]  (Warmup)
Chain 3: Iteration: 1000 / 4000 [ 25%]  (Warmup)
Chain 1: Iteration:  800 / 4000 [ 20%]  (Warmup)
Chain 2: Iteration: 1000 / 4000 [ 25%]  (Warmup)
Chain 4: Iteration: 1000 / 4000 [ 25%]  (Warmup)
Chain 3: Iteration: 1200 / 4000 [ 30%]  (Warmup)
Chain 2: Iteration: 1200 / 4000 [ 30%]  (Warmup)
Chain 4: Iteration: 1200 / 4000 [ 30%]  (Warmup)
Chain 1: Iteration: 1000 / 4000 [ 25%]  (Warmup)
Chain 2: Iteration: 1400 / 4000 [ 35%]  (Warmup)
Chain 4: Iteration: 1400 / 4000 [ 35%]  (Warmup)
Chain 3: Iteration: 1400 / 4000 [ 35%]  (Warmup)
Chain 1: Iteration: 1200 / 4000 [ 30%]  (Warmup)
Chain 4: Iteration: 1600 / 4000 [ 40%]  (Warmup)
Chain 2: Iteration: 1600 / 4000 [ 40%]  (Warmup)
Chain 3: Iteration: 1600 / 4000 [ 40%]  (Warmup)
Chain 4: Iteration: 1800 / 4000 [ 45%]  (Warmup)
Chain 2: Iteration: 1800 / 4000 [ 45%]  (Warmup)
Chain 1: Iteration: 1400 / 4000 [ 35%]  (Warmup)
Chain 3: Iteration: 1800 / 4000 [ 45%]  (Warmup)
Chain 4: Iteration: 2000 / 4000 [ 50%]  (Warmup)
Chain 4: Iteration: 2001 / 4000 [ 50%]  (Sampling)
Chain 2: Iteration: 2000 / 4000 [ 50%]  (Warmup)
Chain 2: Iteration: 2001 / 4000 [ 50%]  (Sampling)
Chain 1: Iteration: 1600 / 4000 [ 40%]  (Warmup)
Chain 4: Iteration: 2200 / 4000 [ 55%]  (Sampling)
Chain 2: Iteration: 2200 / 4000 [ 55%]  (Sampling)
Chain 3: Iteration: 2000 / 4000 [ 50%]  (Warmup)
Chain 3: Iteration: 2001 / 4000 [ 50%]  (Sampling)
Chain 1: Iteration: 1800 / 4000 [ 45%]  (Warmup)
Chain 4: Iteration: 2400 / 4000 [ 60%]  (Sampling)
Chain 2: Iteration: 2400 / 4000 [ 60%]  (Sampling)
Chain 1: Iteration: 2000 / 4000 [ 50%]  (Warmup)
Chain 1: Iteration: 2001 / 4000 [ 50%]  (Sampling)
Chain 4: Iteration: 2600 / 4000 [ 65%]  (Sampling)
Chain 2: Iteration: 2600 / 4000 [ 65%]  (Sampling)
Chain 3: Iteration: 2200 / 4000 [ 55%]  (Sampling)
Chain 4: Iteration: 2800 / 4000 [ 70%]  (Sampling)
Chain 2: Iteration: 2800 / 4000 [ 70%]  (Sampling)
Chain 1: Iteration: 2200 / 4000 [ 55%]  (Sampling)
Chain 3: Iteration: 2400 / 4000 [ 60%]  (Sampling)
Chain 4: Iteration: 3000 / 4000 [ 75%]  (Sampling)
Chain 2: Iteration: 3000 / 4000 [ 75%]  (Sampling)
Chain 1: Iteration: 2400 / 4000 [ 60%]  (Sampling)
Chain 3: Iteration: 2600 / 4000 [ 65%]  (Sampling)
Chain 4: Iteration: 3200 / 4000 [ 80%]  (Sampling)
Chain 2: Iteration: 3200 / 4000 [ 80%]  (Sampling)
Chain 4: Iteration: 3400 / 4000 [ 85%]  (Sampling)
Chain 1: Iteration: 2600 / 4000 [ 65%]  (Sampling)
Chain 2: Iteration: 3400 / 4000 [ 85%]  (Sampling)
Chain 3: Iteration: 2800 / 4000 [ 70%]  (Sampling)
Chain 4: Iteration: 3600 / 4000 [ 90%]  (Sampling)
Chain 1: Iteration: 2800 / 4000 [ 70%]  (Sampling)
Chain 2: Iteration: 3600 / 4000 [ 90%]  (Sampling)
Chain 3: Iteration: 3000 / 4000 [ 75%]  (Sampling)
Chain 1: Iteration: 3000 / 4000 [ 75%]  (Sampling)
Chain 2: Iteration: 3800 / 4000 [ 95%]  (Sampling)
Chain 4: Iteration: 3800 / 4000 [ 95%]  (Sampling)
Chain 1: Iteration: 3200 / 4000 [ 80%]  (Sampling)
Chain 4: Iteration: 4000 / 4000 [100%]  (Sampling)
Chain 4: 
Chain 4:  Elapsed Time: 84883.5 seconds (Warm-up)
Chain 4:                83205.7 seconds (Sampling)
Chain 4:                168089 seconds (Total)
Chain 4: 
Chain 3: Iteration: 3200 / 4000 [ 80%]  (Sampling)
Chain 2: Iteration: 4000 / 4000 [100%]  (Sampling)
Chain 2: 
Chain 2:  Elapsed Time: 85058.8 seconds (Warm-up)
Chain 2:                83651.9 seconds (Sampling)
Chain 2:                168711 seconds (Total)
Chain 2: 
Chain 1: Iteration: 3400 / 4000 [ 85%]  (Sampling)
Chain 3: Iteration: 3400 / 4000 [ 85%]  (Sampling)
Chain 1: Iteration: 3600 / 4000 [ 90%]  (Sampling)
Chain 3: Iteration: 3600 / 4000 [ 90%]  (Sampling)
Chain 1: Iteration: 3800 / 4000 [ 95%]  (Sampling)
Chain 3: Iteration: 3800 / 4000 [ 95%]  (Sampling)
Chain 1: Iteration: 4000 / 4000 [100%]  (Sampling)
Chain 1: 
Chain 1:  Elapsed Time: 107650 seconds (Warm-up)
Chain 1:                86355.9 seconds (Sampling)
Chain 1:                194006 seconds (Total)
Chain 1: 
Chain 3: Iteration: 4000 / 4000 [100%]  (Sampling)
Chain 3: 
Chain 3:  Elapsed Time: 97446.6 seconds (Warm-up)
Chain 3:                98422.7 seconds (Sampling)
Chain 3:                195869 seconds (Total)
Chain 3: 
Inference for Stan model: model_inter.
4 chains, each with iter=4000; warmup=2000; thin=1; 
post-warmup draws per chain=2000, total post-warmup draws=8000.

                  mean se_mean     sd      2.5%       25%       50%       75%
gamma[1,1]        2.87    0.01   0.50      1.91      2.54      2.86      3.20
gamma[1,2]       -1.95    0.03   0.90     -3.74     -2.56     -1.94     -1.34
gamma[1,3]       -0.05    0.00   0.28     -0.60     -0.23     -0.05      0.13
gamma[1,4]        0.21    0.00   0.09      0.04      0.15      0.20      0.26
gamma[1,5]       -0.10    0.00   0.10     -0.31     -0.17     -0.11     -0.04
gamma[1,6]       -0.48    0.01   0.31     -1.08     -0.69     -0.48     -0.28
gamma[1,7]       -0.42    0.01   0.49     -1.39     -0.75     -0.43     -0.10
gamma[1,8]       -0.27    0.00   0.14     -0.55     -0.37     -0.27     -0.18
gamma[1,9]       -0.04    0.00   0.07     -0.17     -0.09     -0.04      0.01
gamma[1,10]      -0.01    0.00   0.07     -0.14     -0.05     -0.01      0.04
gamma[1,11]       1.12    0.00   0.12      0.90      1.05      1.12      1.20
gamma[2,1]       -1.21    0.02   0.72     -2.63     -1.70     -1.21     -0.72
gamma[2,2]       -1.73    0.03   1.28     -4.21     -2.61     -1.77     -0.86
gamma[2,3]       -0.11    0.01   0.43     -0.96     -0.40     -0.11      0.17
gamma[2,4]       -0.08    0.00   0.14     -0.37     -0.17     -0.07      0.01
gamma[2,5]        0.13    0.00   0.16     -0.19      0.02      0.13      0.24
gamma[2,6]       -1.14    0.01   0.46     -2.05     -1.45     -1.14     -0.83
gamma[2,7]       -2.02    0.01   0.78     -3.55     -2.53     -2.02     -1.49
gamma[2,8]        0.07    0.00   0.25     -0.41     -0.10      0.07      0.24
gamma[2,9]       -0.12    0.00   0.11     -0.33     -0.19     -0.12     -0.04
gamma[2,10]       0.02    0.00   0.12     -0.21     -0.05      0.03      0.10
gamma[2,11]      -0.04    0.00   0.19     -0.43     -0.17     -0.03      0.09
gamma[3,1]        0.95    0.01   0.54     -0.10      0.59      0.94      1.31
gamma[3,2]        1.99    0.02   1.04      0.02      1.29      1.96      2.67
gamma[3,3]       -0.12    0.00   0.31     -0.71     -0.33     -0.12      0.08
gamma[3,4]       -0.04    0.00   0.11     -0.27     -0.11     -0.04      0.03
gamma[3,5]       -0.11    0.00   0.13     -0.37     -0.19     -0.10     -0.02
gamma[3,6]        0.43    0.01   0.34     -0.24      0.20      0.43      0.66
gamma[3,7]        0.89    0.01   0.65     -0.38      0.46      0.89      1.33
gamma[3,8]       -0.11    0.00   0.17     -0.45     -0.23     -0.11      0.00
gamma[3,9]        0.07    0.00   0.09     -0.11      0.01      0.07      0.13
gamma[3,10]       0.06    0.00   0.10     -0.12      0.00      0.06      0.13
gamma[3,11]       0.10    0.00   0.16     -0.20      0.00      0.10      0.20
gamma[4,1]       -0.46    0.01   0.53     -1.50     -0.82     -0.46     -0.11
gamma[4,2]       -2.17    0.02   0.91     -4.04     -2.74     -2.14     -1.56
gamma[4,3]        0.27    0.01   0.38     -0.48      0.02      0.27      0.53
gamma[4,4]        0.05    0.00   0.12     -0.18     -0.04      0.04      0.13
gamma[4,5]       -0.17    0.00   0.16     -0.48     -0.27     -0.17     -0.07
gamma[4,6]       -0.20    0.01   0.45     -1.07     -0.50     -0.19      0.10
gamma[4,7]        0.42    0.02   0.89     -1.35     -0.19      0.42      1.02
gamma[4,8]       -0.31    0.00   0.20     -0.70     -0.44     -0.31     -0.18
gamma[4,9]       -0.15    0.00   0.10     -0.34     -0.21     -0.15     -0.08
gamma[4,10]       0.15    0.00   0.11     -0.07      0.08      0.15      0.22
gamma[4,11]       0.16    0.00   0.17     -0.16      0.05      0.16      0.27
gamma[5,1]       -0.79    0.01   0.44     -1.65     -1.07     -0.79     -0.50
gamma[5,2]       -1.30    0.01   0.76     -2.80     -1.80     -1.29     -0.82
gamma[5,3]       -0.04    0.00   0.25     -0.53     -0.21     -0.04      0.13
gamma[5,4]        0.02    0.00   0.09     -0.15     -0.03      0.02      0.08
gamma[5,5]       -0.14    0.00   0.12     -0.37     -0.21     -0.14     -0.06
gamma[5,6]       -1.18    0.01   0.31     -1.80     -1.40     -1.17     -0.97
gamma[5,7]       -1.71    0.01   0.60     -2.90     -2.12     -1.70     -1.30
gamma[5,8]       -0.24    0.00   0.15     -0.53     -0.34     -0.24     -0.14
gamma[5,9]       -0.05    0.00   0.07     -0.19     -0.10     -0.05     -0.01
gamma[5,10]       0.07    0.00   0.08     -0.10      0.01      0.07      0.12
gamma[5,11]      -0.10    0.00   0.13     -0.36     -0.19     -0.10     -0.01
gamma[6,1]       -1.02    0.01   0.77     -2.49     -1.54     -1.02     -0.50
gamma[6,2]       -1.86    0.03   1.39     -4.56     -2.80     -1.87     -0.90
gamma[6,3]       -0.30    0.01   0.42     -1.12     -0.58     -0.30     -0.02
gamma[6,4]        0.24    0.00   0.16     -0.07      0.13      0.24      0.34
gamma[6,5]       -0.22    0.00   0.19     -0.60     -0.35     -0.22     -0.10
gamma[6,6]        0.38    0.01   0.53     -0.67      0.01      0.38      0.73
gamma[6,7]        0.44    0.02   0.98     -1.47     -0.23      0.43      1.12
gamma[6,8]       -0.01    0.00   0.22     -0.44     -0.15     -0.01      0.14
gamma[6,9]        0.10    0.00   0.12     -0.14      0.02      0.10      0.18
gamma[6,10]       0.07    0.00   0.13     -0.19     -0.02      0.07      0.15
gamma[6,11]       0.16    0.00   0.21     -0.25      0.02      0.16      0.30
gamma[7,1]        0.16    0.04   1.54     -2.97     -0.88      0.21      1.21
gamma[7,2]       -0.68    0.07   2.73     -6.10     -2.55     -0.63      1.18
gamma[7,3]        1.47    0.02   1.01     -0.53      0.80      1.50      2.15
gamma[7,4]       -0.30    0.01   0.32     -0.95     -0.51     -0.30     -0.10
gamma[7,5]        0.39    0.01   0.35     -0.27      0.15      0.38      0.61
gamma[7,6]        1.26    0.02   0.91     -0.57      0.65      1.26      1.88
gamma[7,7]        2.79    0.03   1.68     -0.56      1.66      2.82      3.93
gamma[7,8]        0.31    0.01   0.51     -0.67     -0.04      0.31      0.66
gamma[7,9]       -0.11    0.00   0.24     -0.58     -0.27     -0.12      0.05
gamma[7,10]       0.03    0.00   0.24     -0.44     -0.12      0.03      0.19
gamma[7,11]      -0.35    0.01   0.37     -1.06     -0.58     -0.35     -0.11
gamma[8,1]        0.10    0.03   1.35     -2.57     -0.80      0.12      1.02
gamma[8,2]       -0.30    0.05   2.36     -5.03     -1.88     -0.26      1.30
gamma[8,3]        1.41    0.02   0.92     -0.43      0.80      1.43      2.04
gamma[8,4]       -0.36    0.01   0.33     -0.99     -0.57     -0.37     -0.15
gamma[8,5]        0.45    0.01   0.37     -0.25      0.20      0.44      0.70
gamma[8,6]        0.90    0.02   0.95     -0.96      0.28      0.90      1.54
gamma[8,7]        2.39    0.04   1.79     -1.19      1.22      2.41      3.59
gamma[8,8]        0.15    0.01   0.47     -0.75     -0.17      0.14      0.46
gamma[8,9]       -0.29    0.00   0.24     -0.75     -0.45     -0.29     -0.13
gamma[8,10]       0.06    0.00   0.25     -0.45     -0.11      0.06      0.23
gamma[8,11]      -0.31    0.01   0.39     -1.07     -0.57     -0.31     -0.05
gamma[9,1]        0.08    0.01   0.60     -1.14     -0.31      0.08      0.48
gamma[9,2]       -0.20    0.02   1.08     -2.35     -0.90     -0.20      0.52
gamma[9,3]        0.30    0.00   0.28     -0.26      0.11      0.29      0.49
gamma[9,4]        0.04    0.00   0.10     -0.16     -0.02      0.04      0.11
gamma[9,5]       -0.10    0.00   0.14     -0.37     -0.18     -0.09      0.00
gamma[9,6]        0.53    0.01   0.44     -0.31      0.24      0.53      0.82
gamma[9,7]        1.58    0.01   0.84     -0.03      1.01      1.59      2.15
gamma[9,8]       -0.17    0.00   0.16     -0.47     -0.27     -0.17     -0.06
gamma[9,9]       -0.09    0.00   0.09     -0.27     -0.15     -0.09     -0.03
gamma[9,10]       0.02    0.00   0.10     -0.17     -0.05      0.02      0.09
gamma[9,11]       0.00    0.00   0.13     -0.27     -0.09      0.00      0.09
gamma[10,1]      -0.73    0.01   0.54     -1.77     -1.10     -0.73     -0.37
gamma[10,2]      -1.40    0.02   1.01     -3.39     -2.09     -1.40     -0.74
gamma[10,3]       0.00    0.00   0.29     -0.57     -0.19      0.01      0.20
gamma[10,4]      -0.18    0.00   0.12     -0.42     -0.26     -0.18     -0.11
gamma[10,5]       0.24    0.00   0.15     -0.06      0.14      0.24      0.34
gamma[10,6]       0.17    0.01   0.44     -0.68     -0.13      0.17      0.46
gamma[10,7]       0.43    0.02   0.84     -1.20     -0.13      0.42      1.00
gamma[10,8]       0.04    0.00   0.18     -0.31     -0.08      0.04      0.16
gamma[10,9]      -0.13    0.00   0.10     -0.32     -0.20     -0.13     -0.07
gamma[10,10]      0.11    0.00   0.11     -0.11      0.03      0.11      0.19
gamma[10,11]     -0.16    0.00   0.15     -0.45     -0.26     -0.16     -0.07
gamma[11,1]       0.04    0.02   0.79     -1.44     -0.49      0.03      0.56
gamma[11,2]      -0.94    0.03   1.41     -3.69     -1.88     -0.93      0.02
gamma[11,3]       0.25    0.01   0.47     -0.65     -0.06      0.25      0.56
gamma[11,4]      -0.13    0.00   0.17     -0.44     -0.25     -0.14     -0.03
gamma[11,5]      -0.16    0.00   0.20     -0.55     -0.29     -0.15     -0.03
gamma[11,6]      -0.52    0.01   0.63     -1.73     -0.95     -0.51     -0.11
gamma[11,7]      -0.01    0.03   1.23     -2.36     -0.84     -0.01      0.82
gamma[11,8]      -0.34    0.00   0.25     -0.85     -0.51     -0.34     -0.17
gamma[11,9]      -0.16    0.00   0.13     -0.43     -0.25     -0.16     -0.08
gamma[11,10]      0.10    0.00   0.14     -0.16      0.01      0.10      0.19
gamma[11,11]      0.07    0.00   0.23     -0.38     -0.08      0.07      0.23
gamma[12,1]      -0.18    0.01   0.51     -1.21     -0.53     -0.18      0.16
gamma[12,2]      -0.58    0.02   0.97     -2.39     -1.25     -0.60      0.05
gamma[12,3]      -0.09    0.01   0.37     -0.85     -0.34     -0.08      0.16
gamma[12,4]      -0.09    0.00   0.11     -0.32     -0.16     -0.09     -0.02
gamma[12,5]       0.06    0.00   0.12     -0.18     -0.02      0.06      0.14
gamma[12,6]      -0.45    0.01   0.30     -1.04     -0.65     -0.45     -0.25
gamma[12,7]      -1.15    0.01   0.51     -2.18     -1.48     -1.15     -0.81
gamma[12,8]       0.20    0.00   0.19     -0.18      0.07      0.20      0.33
gamma[12,9]       0.03    0.00   0.08     -0.12     -0.02      0.03      0.08
gamma[12,10]      0.00    0.00   0.08     -0.16     -0.05      0.00      0.05
gamma[12,11]     -0.02    0.00   0.16     -0.34     -0.12     -0.02      0.09
sig[1]            0.53    0.00   0.04      0.46      0.50      0.53      0.56
sig[2]            0.46    0.00   0.16      0.26      0.35      0.43      0.53
sig[3]            0.97    0.00   0.10      0.78      0.91      0.98      1.04
lp__         -13244.31    7.83 161.52 -13557.03 -13353.67 -13246.05 -13135.79
                 97.5% n_eff Rhat
gamma[1,1]        3.90  1256 1.00
gamma[1,2]       -0.21   970 1.01
gamma[1,3]        0.48  4450 1.00
gamma[1,4]        0.42  3154 1.00
gamma[1,5]        0.09  6298 1.00
gamma[1,6]        0.11  3377 1.00
gamma[1,7]        0.54  3483 1.00
gamma[1,8]        0.00  6841 1.00
gamma[1,9]        0.09  8507 1.00
gamma[1,10]       0.13 10061 1.00
gamma[1,11]       1.36  6113 1.00
gamma[2,1]        0.18  2084 1.00
gamma[2,2]        0.81  1950 1.00
gamma[2,3]        0.71  3666 1.00
gamma[2,4]        0.18  3643 1.00
gamma[2,5]        0.46  5245 1.00
gamma[2,6]       -0.23  2547 1.00
gamma[2,7]       -0.48  2838 1.00
gamma[2,8]        0.56  4138 1.00
gamma[2,9]        0.11  4481 1.00
gamma[2,10]       0.26  5148 1.00
gamma[2,11]       0.32  5597 1.00
gamma[3,1]        1.99  3528 1.00
gamma[3,2]        4.08  4188 1.00
gamma[3,3]        0.50  4146 1.00
gamma[3,4]        0.17  6357 1.00
gamma[3,5]        0.15  6105 1.00
gamma[3,6]        1.13  3617 1.00
gamma[3,7]        2.22  3578 1.00
gamma[3,8]        0.22  7534 1.00
gamma[3,9]        0.24  6765 1.00
gamma[3,10]       0.25  8885 1.00
gamma[3,11]       0.42  6637 1.00
gamma[4,1]        0.57  3159 1.00
gamma[4,2]       -0.49  2836 1.00
gamma[4,3]        1.02  3245 1.00
gamma[4,4]        0.32  4080 1.00
gamma[4,5]        0.13  5015 1.00
gamma[4,6]        0.68  2699 1.00
gamma[4,7]        2.14  2458 1.00
gamma[4,8]        0.09  5298 1.00
gamma[4,9]        0.04  5643 1.00
gamma[4,10]       0.37  6447 1.00
gamma[4,11]       0.49  5790 1.00
gamma[5,1]        0.06  2522 1.00
gamma[5,2]        0.21  3520 1.00
gamma[5,3]        0.47  3683 1.00
gamma[5,4]        0.21  5880 1.00
gamma[5,5]        0.09  6416 1.00
gamma[5,6]       -0.57  2828 1.00
gamma[5,7]       -0.55  2708 1.00
gamma[5,8]        0.03  6146 1.00
gamma[5,9]        0.08  6571 1.00
gamma[5,10]       0.23  7964 1.00
gamma[5,11]       0.16  7152 1.00
gamma[6,1]        0.49  2947 1.00
gamma[6,2]        0.85  3037 1.00
gamma[6,3]        0.55  2963 1.00
gamma[6,4]        0.56  4029 1.00
gamma[6,5]        0.14  4001 1.00
gamma[6,6]        1.43  3273 1.00
gamma[6,7]        2.40  3499 1.00
gamma[6,8]        0.42  4091 1.00
gamma[6,9]        0.33  4623 1.00
gamma[6,10]       0.33  5052 1.00
gamma[6,11]       0.58  5020 1.00
gamma[7,1]        3.08  1859 1.00
gamma[7,2]        4.57  1424 1.00
gamma[7,3]        3.41  2479 1.00
gamma[7,4]        0.32  3487 1.00
gamma[7,5]        1.10  3777 1.00
gamma[7,6]        3.04  2961 1.00
gamma[7,7]        5.98  2672 1.00
gamma[7,8]        1.33  4067 1.00
gamma[7,9]        0.37  3546 1.00
gamma[7,10]       0.49  4088 1.00
gamma[7,11]       0.38  4741 1.00
gamma[8,1]        2.73  2417 1.00
gamma[8,2]        4.25  2507 1.00
gamma[8,3]        3.19  2635 1.00
gamma[8,4]        0.32  3426 1.00
gamma[8,5]        1.20  3532 1.00
gamma[8,6]        2.80  2082 1.00
gamma[8,7]        5.88  2044 1.00
gamma[8,8]        1.10  3421 1.00
gamma[8,9]        0.19  3345 1.00
gamma[8,10]       0.54  3763 1.00
gamma[8,11]       0.48  4556 1.00
gamma[9,1]        1.23  2464 1.00
gamma[9,2]        1.90  3566 1.00
gamma[9,3]        0.84  3494 1.00
gamma[9,4]        0.23  7693 1.00
gamma[9,5]        0.16  6063 1.00
gamma[9,6]        1.37  4667 1.00
gamma[9,7]        3.23  4646 1.00
gamma[9,8]        0.14  8461 1.00
gamma[9,9]        0.09  9021 1.00
gamma[9,10]       0.21  9100 1.00
gamma[9,11]       0.26  7649 1.00
gamma[10,1]       0.33  3186 1.00
gamma[10,2]       0.61  3405 1.00
gamma[10,3]       0.56  4468 1.00
gamma[10,4]       0.04  4555 1.00
gamma[10,5]       0.55  4655 1.00
gamma[10,6]       1.04  2425 1.00
gamma[10,7]       2.08  2488 1.00
gamma[10,8]       0.38  4372 1.00
gamma[10,9]       0.05  4142 1.00
gamma[10,10]      0.33  4820 1.00
gamma[10,11]      0.13  6470 1.00
gamma[11,1]       1.64  2412 1.00
gamma[11,2]       1.79  2738 1.00
gamma[11,3]       1.17  4074 1.00
gamma[11,4]       0.21  3814 1.00
gamma[11,5]       0.22  4725 1.00
gamma[11,6]       0.70  2170 1.00
gamma[11,7]       2.43  2192 1.00
gamma[11,8]       0.15  4332 1.00
gamma[11,9]       0.08  4869 1.00
gamma[11,10]      0.36  5228 1.00
gamma[11,11]      0.54  4957 1.00
gamma[12,1]       0.83  2194 1.00
gamma[12,2]       1.39  1760 1.00
gamma[12,3]       0.61  3378 1.00
gamma[12,4]       0.14  4663 1.00
gamma[12,5]       0.31  5691 1.00
gamma[12,6]       0.15  3329 1.00
gamma[12,7]      -0.13  3722 1.00
gamma[12,8]       0.58  4497 1.00
gamma[12,9]       0.19  6146 1.00
gamma[12,10]      0.17  7078 1.00
gamma[12,11]      0.29  6513 1.00
sig[1]            0.62  2688 1.00
sig[2]            0.85  2810 1.00
sig[3]            1.16   443 1.01
lp__         -12930.79   425 1.01

Samples were drawn using NUTS(diag_e) at Sat Aug 14 19:49:15 2021.
For each parameter, n_eff is a crude measure of effective sample size,
and Rhat is the potential scale reduction factor on split chains (at 
convergence, Rhat=1).
[1] "./rda/dry_spab_50_model_inter_full_WD_all.rda"
[1] "MCMC done!!"
