── Attaching packages ─────────────────────────────────────── tidyverse 1.3.1 ──
✔ ggplot2 3.3.3     ✔ purrr   0.3.4
✔ tibble  3.1.2     ✔ dplyr   1.0.6
✔ tidyr   1.1.3     ✔ stringr 1.4.0
✔ readr   1.4.0     ✔ forcats 0.5.1
── Conflicts ────────────────────────────────────────── tidyverse_conflicts() ──
✖ dplyr::filter() masks stats::filter()
✖ dplyr::lag()    masks stats::lag()
Loading required package: StanHeaders
rstan (Version 2.21.2, GitRev: 2e1f913d3ca3)
For execution on a local, multicore CPU with excess RAM we recommend calling
options(mc.cores = parallel::detectCores()).
To avoid recompilation of unchanged Stan programs, we recommend calling
rstan_options(auto_write = TRUE)

Attaching package: ‘rstan’

The following object is masked from ‘package:tidyr’:

    extract

This is bayesplot version 1.8.0
- Online documentation and vignettes at mc-stan.org/bayesplot
- bayesplot theme set to bayesplot::theme_default()
   * Does _not_ affect other ggplot2 plots
   * See ?bayesplot_theme_set for details on theme setting
[1] "Model  model_inter"
[1] "Model for  rainy season"
[1] "Use full"
[1] "Habitat = Full"
[1] "n_iter = 4000"
[1] "n_warm = 2000"
[1] "n_thin = 1"
[1] "n_chains = 4"
[1] "adapt_delta = 0.95"
[1] "minimum sp abund = 50"

── Column specification ────────────────────────────────────────────────────────
cols(
  qua = col_double(),
  gx = col_double(),
  gy = col_double(),
  plot = col_double(),
  tag = col_character(),
  quadrat = col_character(),
  SPcode = col_character(),
  height = col_double(),
  date = col_character(),
  census = col_character(),
  year = col_double(),
  season = col_character(),
  survive = col_double(),
  CONS = col_double(),
  CONA = col_double(),
  HETA = col_double(),
  HETS = col_double(),
  Rainfall = col_double(),
  habitat = col_character()
)


── Column specification ────────────────────────────────────────────────────────
cols(
  qua = col_double(),
  habit3 = col_character(),
  seedtrap = col_double(),
  habit5 = col_character()
)


── Column specification ────────────────────────────────────────────────────────
cols(
  SPcode = col_character(),
  LDMC = col_double(),
  WD = col_double(),
  SDMC = col_double(),
  LA = col_double(),
  SLA = col_double(),
  Chl = col_double(),
  LT = col_double(),
  C13 = col_double(),
  C = col_double(),
  N = col_double(),
  CN = col_double(),
  tlp = col_double()
)

No. of species
76
[1] "Sp-level: 1 + all the traits"
[1] "sp number in seedling data: 76"
[1] "sp number in trait data: 76"
data{
  int<lower=0> N; // number of sample
  int<lower=1> J; // number of sp
  int<lower=1> K; // number of tree-level preditor (i.e, CONS, HETS,...)
  int<lower=1> L; // number of sp-level predictor (i.e., interecept and WP)
  int<lower=1> M; // number of seedling individuals (tag)
  int<lower=1> S; // number of site
  int<lower=1> T; // number of census
  matrix[N, K] x; // tree-level predictor
  matrix[J, L] u; // sp-level predictor
  int<lower=0,upper=1> suv[N]; // 1 or 0
  int<lower=1,upper=J> sp[N]; // integer
  int<lower=1,upper=S> plot[N]; // integer
  int<lower=1,upper=T> census[N]; // integer
  int<lower=1> tag[N]; // integer
}

parameters{
  matrix[K, J] z;
  vector[S] phi_raw;
  vector[T] xi_raw;
  vector[M] psi_raw;
  matrix[L, K] gamma;
  cholesky_factor_corr[K] L_Omega;
  vector<lower=0,upper=pi()/2>[K] tau_unif;
  vector<lower=0,upper=pi()/2>[3] sig_unif;
}

transformed parameters{
  matrix[J, K] beta;
  vector<lower=0>[K] tau;
  vector<lower=0>[3] sig;
  vector[S] phi;
  vector[T] xi;
  vector[M] psi;
  for (k in 1:K) tau[k] = 2.5 * tan(tau_unif[k]); // implies tau ~ cauchy(0, 2.5)
  for (i in 1:3) sig[i] = 2.5 * tan(sig_unif[i]); // implies sig ~ cauchy(0, 2.5)
  beta = u * gamma + (diag_pre_multiply(tau,L_Omega) * z)';
  phi = phi_raw * sig[1];
  xi = xi_raw * sig[2];
  psi = psi_raw * sig[3];
}

model {
  // Hyper-priors
  to_vector(z) ~ std_normal();
  to_vector(phi_raw) ~ std_normal();
  to_vector(xi_raw) ~ std_normal();
  to_vector(psi_raw) ~ std_normal();
  L_Omega ~ lkj_corr_cholesky(2); // uniform of L_Omega * L_Omega'
  // Priors
  to_vector(gamma) ~ normal(0, 5);
  // Likelihood
  suv ~ bernoulli_logit(rows_dot_product(beta[sp] , x) + phi[plot] + xi[census] + psi[tag]);
}

generated quantities {
  vector[N] log_lik;
  corr_matrix[K] Omega;
  Omega = multiply_lower_tri_self_transpose(L_Omega);
  for (n in 1:N) {
    log_lik[n] = bernoulli_logit_lpmf(suv[n] | dot_product(beta[sp[n],] , x[n,]) + phi[plot[n]] + xi[census[n]] + psi[tag[n]]);
  }
}
[1] "use c = 0.24 as a scaling parameter for the distance effect"
[1] "n_sp = J =76"
[1] "n_para = K = 11"
[1] "n_plot = S = 384"
[1] "n_census = T = 10"
[1] "n_tag = M = 7859"

CHECKING DATA AND PREPROCESSING FOR MODEL 'model_inter' NOW.

COMPILING MODEL 'model_inter' NOW.

STARTING SAMPLER FOR MODEL 'model_inter' NOW.

CHECKING DATA AND PREPROCESSING FOR MODEL 'model_inter' NOW.

CHECKING DATA AND PREPROCESSING FOR MODEL 'model_inter' NOW.

COMPILING MODEL 'model_inter' NOW.

STARTING SAMPLER FOR MODEL 'model_inter' NOW.

CHECKING DATA AND PREPROCESSING FOR MODEL 'model_inter' NOW.

COMPILING MODEL 'model_inter' NOW.

STARTING SAMPLER FOR MODEL 'model_inter' NOW.

CHECKING DATA AND PREPROCESSING FOR MODEL 'model_inter' NOW.

COMPILING MODEL 'model_inter' NOW.

STARTING SAMPLER FOR MODEL 'model_inter' NOW.

COMPILING MODEL 'model_inter' NOW.

STARTING SAMPLER FOR MODEL 'model_inter' NOW.

SAMPLING FOR MODEL 'model_inter' NOW (CHAIN 1).

SAMPLING FOR MODEL 'model_inter' NOW (CHAIN 2).

SAMPLING FOR MODEL 'model_inter' NOW (CHAIN 3).

SAMPLING FOR MODEL 'model_inter' NOW (CHAIN 4).
Chain 1: 
Chain 1: Gradient evaluation took 0.027413 seconds
Chain 1: 1000 transitions using 10 leapfrog steps per transition would take 274.13 seconds.
Chain 1: Adjust your expectations accordingly!
Chain 1: 
Chain 1: 
Chain 3: 
Chain 3: Gradient evaluation took 0.031896 seconds
Chain 3: 1000 transitions using 10 leapfrog steps per transition would take 318.96 seconds.
Chain 3: Adjust your expectations accordingly!
Chain 3: 
Chain 3: 
Chain 4: 
Chain 4: Gradient evaluation took 0.034779 seconds
Chain 4: 1000 transitions using 10 leapfrog steps per transition would take 347.79 seconds.
Chain 4: Adjust your expectations accordingly!
Chain 4: 
Chain 4: 
Chain 2: 
Chain 2: Gradient evaluation took 0.039318 seconds
Chain 2: 1000 transitions using 10 leapfrog steps per transition would take 393.18 seconds.
Chain 2: Adjust your expectations accordingly!
Chain 2: 
Chain 2: 
Chain 1: Iteration:    1 / 4000 [  0%]  (Warmup)
Chain 3: Iteration:    1 / 4000 [  0%]  (Warmup)
Chain 4: Iteration:    1 / 4000 [  0%]  (Warmup)
Chain 2: Iteration:    1 / 4000 [  0%]  (Warmup)
Chain 4: Exception: validate transformed params: y is not positive definite.  (in 'model27fb3605740b7_model_inter' at line 59)

Chain 1: Iteration:  200 / 4000 [  5%]  (Warmup)
Chain 2: Iteration:  200 / 4000 [  5%]  (Warmup)
Chain 4: Iteration:  200 / 4000 [  5%]  (Warmup)
Chain 3: Iteration:  200 / 4000 [  5%]  (Warmup)
Chain 2: Iteration:  400 / 4000 [ 10%]  (Warmup)
Chain 1: Iteration:  400 / 4000 [ 10%]  (Warmup)
Chain 4: Iteration:  400 / 4000 [ 10%]  (Warmup)
Chain 3: Iteration:  400 / 4000 [ 10%]  (Warmup)
Chain 2: Iteration:  600 / 4000 [ 15%]  (Warmup)
Chain 3: Iteration:  600 / 4000 [ 15%]  (Warmup)
Chain 4: Iteration:  600 / 4000 [ 15%]  (Warmup)
Chain 1: Iteration:  600 / 4000 [ 15%]  (Warmup)
Chain 3: Iteration:  800 / 4000 [ 20%]  (Warmup)
Chain 2: Iteration:  800 / 4000 [ 20%]  (Warmup)
Chain 1: Iteration:  800 / 4000 [ 20%]  (Warmup)
Chain 4: Iteration:  800 / 4000 [ 20%]  (Warmup)
Chain 2: Iteration: 1000 / 4000 [ 25%]  (Warmup)
Chain 3: Iteration: 1000 / 4000 [ 25%]  (Warmup)
Chain 1: Iteration: 1000 / 4000 [ 25%]  (Warmup)
Chain 4: Iteration: 1000 / 4000 [ 25%]  (Warmup)
Chain 2: Iteration: 1200 / 4000 [ 30%]  (Warmup)
Chain 3: Iteration: 1200 / 4000 [ 30%]  (Warmup)
Chain 1: Iteration: 1200 / 4000 [ 30%]  (Warmup)
Chain 4: Iteration: 1200 / 4000 [ 30%]  (Warmup)
Chain 3: Iteration: 1400 / 4000 [ 35%]  (Warmup)
Chain 2: Iteration: 1400 / 4000 [ 35%]  (Warmup)
Chain 1: Iteration: 1400 / 4000 [ 35%]  (Warmup)
Chain 4: Iteration: 1400 / 4000 [ 35%]  (Warmup)
Chain 3: Iteration: 1600 / 4000 [ 40%]  (Warmup)
Chain 2: Iteration: 1600 / 4000 [ 40%]  (Warmup)
Chain 1: Iteration: 1600 / 4000 [ 40%]  (Warmup)
Chain 4: Iteration: 1600 / 4000 [ 40%]  (Warmup)
Chain 3: Iteration: 1800 / 4000 [ 45%]  (Warmup)
Chain 2: Iteration: 1800 / 4000 [ 45%]  (Warmup)
Chain 1: Iteration: 1800 / 4000 [ 45%]  (Warmup)
Chain 4: Iteration: 1800 / 4000 [ 45%]  (Warmup)
Chain 3: Iteration: 2000 / 4000 [ 50%]  (Warmup)
Chain 3: Iteration: 2001 / 4000 [ 50%]  (Sampling)
Chain 2: Iteration: 2000 / 4000 [ 50%]  (Warmup)
Chain 2: Iteration: 2001 / 4000 [ 50%]  (Sampling)
Chain 1: Iteration: 2000 / 4000 [ 50%]  (Warmup)
Chain 1: Iteration: 2001 / 4000 [ 50%]  (Sampling)
Chain 4: Iteration: 2000 / 4000 [ 50%]  (Warmup)
Chain 4: Iteration: 2001 / 4000 [ 50%]  (Sampling)
Chain 3: Iteration: 2200 / 4000 [ 55%]  (Sampling)
Chain 2: Iteration: 2200 / 4000 [ 55%]  (Sampling)
Chain 1: Iteration: 2200 / 4000 [ 55%]  (Sampling)
Chain 4: Iteration: 2200 / 4000 [ 55%]  (Sampling)
Chain 3: Iteration: 2400 / 4000 [ 60%]  (Sampling)
Chain 2: Iteration: 2400 / 4000 [ 60%]  (Sampling)
Chain 1: Iteration: 2400 / 4000 [ 60%]  (Sampling)
Chain 4: Iteration: 2400 / 4000 [ 60%]  (Sampling)
Chain 3: Iteration: 2600 / 4000 [ 65%]  (Sampling)
Chain 2: Iteration: 2600 / 4000 [ 65%]  (Sampling)
Chain 1: Iteration: 2600 / 4000 [ 65%]  (Sampling)
Chain 4: Iteration: 2600 / 4000 [ 65%]  (Sampling)
Chain 3: Iteration: 2800 / 4000 [ 70%]  (Sampling)
Chain 2: Iteration: 2800 / 4000 [ 70%]  (Sampling)
Chain 1: Iteration: 2800 / 4000 [ 70%]  (Sampling)
Chain 4: Iteration: 2800 / 4000 [ 70%]  (Sampling)
Chain 3: Iteration: 3000 / 4000 [ 75%]  (Sampling)
Chain 2: Iteration: 3000 / 4000 [ 75%]  (Sampling)
Chain 1: Iteration: 3000 / 4000 [ 75%]  (Sampling)
Chain 4: Iteration: 3000 / 4000 [ 75%]  (Sampling)
Chain 3: Iteration: 3200 / 4000 [ 80%]  (Sampling)
Chain 2: Iteration: 3200 / 4000 [ 80%]  (Sampling)
Chain 1: Iteration: 3200 / 4000 [ 80%]  (Sampling)
Chain 4: Iteration: 3200 / 4000 [ 80%]  (Sampling)
Chain 3: Iteration: 3400 / 4000 [ 85%]  (Sampling)
Chain 2: Iteration: 3400 / 4000 [ 85%]  (Sampling)
Chain 1: Iteration: 3400 / 4000 [ 85%]  (Sampling)
Chain 4: Iteration: 3400 / 4000 [ 85%]  (Sampling)
Chain 3: Iteration: 3600 / 4000 [ 90%]  (Sampling)
Chain 2: Iteration: 3600 / 4000 [ 90%]  (Sampling)
Chain 1: Iteration: 3600 / 4000 [ 90%]  (Sampling)
Chain 4: Iteration: 3600 / 4000 [ 90%]  (Sampling)
Chain 3: Iteration: 3800 / 4000 [ 95%]  (Sampling)
Chain 2: Iteration: 3800 / 4000 [ 95%]  (Sampling)
Chain 1: Iteration: 3800 / 4000 [ 95%]  (Sampling)
Chain 4: Iteration: 3800 / 4000 [ 95%]  (Sampling)
Chain 3: Iteration: 4000 / 4000 [100%]  (Sampling)
Chain 3: 
Chain 3:  Elapsed Time: 255089 seconds (Warm-up)
Chain 3:                106492 seconds (Sampling)
Chain 3:                361581 seconds (Total)
Chain 3: 
Chain 2: Iteration: 4000 / 4000 [100%]  (Sampling)
Chain 2: 
Chain 2:  Elapsed Time: 263254 seconds (Warm-up)
Chain 2:                101073 seconds (Sampling)
Chain 2:                364327 seconds (Total)
Chain 2: 
Chain 1: Iteration: 4000 / 4000 [100%]  (Sampling)
Chain 1: 
Chain 1:  Elapsed Time: 268244 seconds (Warm-up)
Chain 1:                97110.7 seconds (Sampling)
Chain 1:                365355 seconds (Total)
Chain 1: 
Chain 4: Iteration: 4000 / 4000 [100%]  (Sampling)
Chain 4: 
Chain 4:  Elapsed Time: 270689 seconds (Warm-up)
Chain 4:                94968 seconds (Sampling)
Chain 4:                365657 seconds (Total)
Chain 4: 
Warning message:
In validityMethod(object) :
  The following variables have undefined values:  Omega[1,1],The following variables have undefined values:  Omega[2,1],The following variables have undefined values:  Omega[3,1],The following variables have undefined values:  Omega[4,1],The following variables have undefined values:  Omega[5,1],The following variables have undefined values:  Omega[6,1],The following variables have undefined values:  Omega[7,1],The following variables have undefined values:  Omega[8,1],The following variables have undefined values:  Omega[9,1],The following variables have undefined values:  Omega[10,1],The following variables have undefined values:  Omega[11,1],The following variables have undefined values:  Omega[1,2],The following variables have undefined values:  Omega[2,2],The following variables have undefined values:  Omega[3,2],The following variables have undefined values:  Omega[4,2],The following variables have undefined values:  Omega[5,2],The following variables have undefined values:  Omega[ [... truncated]
Inference for Stan model: model_inter.
4 chains, each with iter=4000; warmup=2000; thin=1; 
post-warmup draws per chain=2000, total post-warmup draws=8000.

                  mean se_mean     sd      2.5%       25%       50%       75%
gamma[1,1]        2.80    0.01   0.54      1.75      2.45      2.80      3.16
gamma[1,2]       -0.83    0.02   0.79     -2.46     -1.33     -0.79     -0.29
gamma[1,3]       -0.73    0.01   0.30     -1.32     -0.93     -0.73     -0.53
gamma[1,4]        0.20    0.00   0.09      0.03      0.14      0.20      0.26
gamma[1,5]        0.03    0.00   0.13     -0.24     -0.06      0.03      0.12
gamma[1,6]        0.21    0.01   0.38     -0.52     -0.04      0.22      0.45
gamma[1,7]        0.17    0.01   0.51     -0.81     -0.17      0.16      0.50
gamma[1,8]        0.02    0.00   0.18     -0.35     -0.10      0.02      0.14
gamma[1,9]        0.01    0.00   0.07     -0.12     -0.03      0.01      0.06
gamma[1,10]       0.03    0.00   0.09     -0.15     -0.03      0.03      0.09
gamma[1,11]       1.29    0.00   0.12      1.06      1.20      1.28      1.37
gamma[2,1]       -0.27    0.02   0.79     -1.81     -0.79     -0.27      0.24
gamma[2,2]        0.08    0.02   1.35     -2.52     -0.82      0.08      0.98
gamma[2,3]        0.11    0.01   0.48     -0.82     -0.21      0.11      0.44
gamma[2,4]        0.02    0.00   0.13     -0.24     -0.07      0.02      0.11
gamma[2,5]        0.09    0.00   0.20     -0.31     -0.04      0.10      0.23
gamma[2,6]        0.57    0.01   0.63     -0.66      0.14      0.58      0.99
gamma[2,7]        1.17    0.02   1.16     -1.08      0.37      1.17      1.93
gamma[2,8]       -0.01    0.00   0.30     -0.59     -0.21     -0.01      0.19
gamma[2,9]        0.06    0.00   0.12     -0.17     -0.02      0.06      0.13
gamma[2,10]       0.06    0.00   0.17     -0.26     -0.06      0.06      0.17
gamma[2,11]       0.10    0.00   0.20     -0.30     -0.04      0.10      0.23
gamma[3,1]       -0.47    0.02   0.98     -2.41     -1.13     -0.46      0.20
gamma[3,2]        0.48    0.03   1.54     -2.52     -0.56      0.47      1.53
gamma[3,3]       -0.66    0.01   0.71     -2.04     -1.14     -0.66     -0.19
gamma[3,4]       -0.21    0.00   0.26     -0.74     -0.38     -0.21     -0.04
gamma[3,5]       -0.11    0.01   0.38     -0.84     -0.37     -0.12      0.14
gamma[3,6]       -0.02    0.02   0.80     -1.66     -0.55     -0.01      0.51
gamma[3,7]        0.76    0.03   1.40     -2.01     -0.16      0.78      1.67
gamma[3,8]       -0.71    0.01   0.46     -1.64     -1.02     -0.70     -0.40
gamma[3,9]        0.11    0.00   0.22     -0.32     -0.03      0.12      0.26
gamma[3,10]      -0.58    0.00   0.31     -1.20     -0.79     -0.58     -0.37
gamma[3,11]      -0.65    0.01   0.35     -1.33     -0.88     -0.65     -0.42
gamma[4,1]        1.05    0.02   1.05     -0.96      0.34      1.03      1.76
gamma[4,2]        0.37    0.03   1.80     -3.19     -0.86      0.40      1.57
gamma[4,3]        0.66    0.01   0.68     -0.66      0.21      0.66      1.12
gamma[4,4]        0.17    0.00   0.24     -0.30      0.01      0.17      0.33
gamma[4,5]       -0.03    0.01   0.38     -0.78     -0.28     -0.03      0.22
gamma[4,6]        0.06    0.02   0.90     -1.69     -0.55      0.04      0.66
gamma[4,7]       -1.10    0.03   1.64     -4.28     -2.22     -1.12      0.01
gamma[4,8]        0.79    0.01   0.45     -0.09      0.48      0.78      1.09
gamma[4,9]       -0.26    0.00   0.21     -0.67     -0.40     -0.26     -0.12
gamma[4,10]       0.51    0.00   0.31     -0.09      0.30      0.51      0.71
gamma[4,11]       0.60    0.01   0.35     -0.09      0.37      0.60      0.84
gamma[5,1]       -0.26    0.02   0.73     -1.70     -0.76     -0.25      0.24
gamma[5,2]       -1.56    0.03   1.27     -4.08     -2.40     -1.55     -0.70
gamma[5,3]        0.19    0.01   0.45     -0.70     -0.11      0.19      0.49
gamma[5,4]        0.12    0.00   0.12     -0.10      0.04      0.12      0.20
gamma[5,5]       -0.22    0.00   0.19     -0.59     -0.35     -0.22     -0.09
gamma[5,6]        0.66    0.01   0.61     -0.49      0.23      0.66      1.06
gamma[5,7]        1.10    0.02   1.16     -1.16      0.30      1.09      1.89
gamma[5,8]        0.00    0.00   0.27     -0.51     -0.18      0.00      0.18
gamma[5,9]        0.05    0.00   0.10     -0.14     -0.02      0.05      0.11
gamma[5,10]       0.00    0.00   0.15     -0.29     -0.10      0.00      0.10
gamma[5,11]      -0.05    0.00   0.18     -0.41     -0.17     -0.05      0.08
gamma[6,1]       -0.46    0.01   0.53     -1.50     -0.81     -0.46     -0.11
gamma[6,2]       -0.31    0.02   0.94     -2.18     -0.94     -0.30      0.33
gamma[6,3]       -0.10    0.00   0.29     -0.67     -0.30     -0.10      0.09
gamma[6,4]       -0.04    0.00   0.09     -0.21     -0.10     -0.04      0.02
gamma[6,5]        0.07    0.00   0.15     -0.22     -0.03      0.07      0.17
gamma[6,6]        0.57    0.01   0.41     -0.22      0.30      0.57      0.85
gamma[6,7]        0.88    0.01   0.78     -0.68      0.36      0.88      1.41
gamma[6,8]        0.07    0.00   0.18     -0.29     -0.06      0.06      0.19
gamma[6,9]        0.03    0.00   0.08     -0.12     -0.02      0.02      0.08
gamma[6,10]      -0.03    0.00   0.11     -0.25     -0.11     -0.03      0.04
gamma[6,11]      -0.24    0.00   0.14     -0.53     -0.34     -0.24     -0.14
gamma[7,1]       -1.24    0.02   0.93     -3.01     -1.87     -1.25     -0.62
gamma[7,2]       -1.37    0.03   1.69     -4.53     -2.53     -1.38     -0.23
gamma[7,3]       -0.79    0.01   0.46     -1.70     -1.10     -0.78     -0.48
gamma[7,4]        0.25    0.00   0.16     -0.05      0.15      0.25      0.36
gamma[7,5]        0.20    0.00   0.25     -0.28      0.04      0.20      0.36
gamma[7,6]        0.72    0.02   0.79     -0.81      0.19      0.73      1.25
gamma[7,7]        1.24    0.03   1.49     -1.71      0.25      1.24      2.27
gamma[7,8]       -0.18    0.01   0.28     -0.75     -0.36     -0.17      0.01
gamma[7,9]        0.00    0.00   0.14     -0.27     -0.09      0.00      0.09
gamma[7,10]      -0.11    0.00   0.19     -0.48     -0.23     -0.11      0.02
gamma[7,11]       0.15    0.00   0.23     -0.31      0.00      0.15      0.30
gamma[8,1]        0.17    0.03   1.62     -3.07     -0.91      0.20      1.26
gamma[8,2]       -1.18    0.05   2.67     -6.28     -3.00     -1.20      0.60
gamma[8,3]        1.46    0.02   1.05     -0.63      0.76      1.46      2.15
gamma[8,4]       -0.26    0.01   0.33     -0.91     -0.48     -0.26     -0.04
gamma[8,5]       -0.49    0.01   0.46     -1.38     -0.80     -0.49     -0.19
gamma[8,6]        0.97    0.03   1.36     -1.67      0.03      0.97      1.89
gamma[8,7]        1.74    0.05   2.46     -3.05      0.13      1.74      3.39
gamma[8,8]        0.51    0.01   0.67     -0.79      0.06      0.48      0.95
gamma[8,9]        0.17    0.01   0.28     -0.38     -0.02      0.17      0.35
gamma[8,10]       0.19    0.01   0.35     -0.50     -0.04      0.20      0.43
gamma[8,11]      -0.42    0.01   0.41     -1.20     -0.70     -0.42     -0.15
gamma[9,1]        0.12    0.03   1.48     -2.75     -0.87      0.11      1.14
gamma[9,2]       -1.03    0.05   2.52     -5.86     -2.71     -1.10      0.69
gamma[9,3]        1.38    0.02   1.01     -0.58      0.71      1.39      2.05
gamma[9,4]       -0.32    0.01   0.33     -0.96     -0.54     -0.32     -0.10
gamma[9,5]       -0.62    0.01   0.52     -1.63     -0.96     -0.62     -0.28
gamma[9,6]       -0.43    0.03   1.26     -2.87     -1.28     -0.45      0.41
gamma[9,7]       -1.21    0.05   2.33     -5.81     -2.76     -1.22      0.33
gamma[9,8]        0.56    0.01   0.64     -0.65      0.12      0.54      0.98
gamma[9,9]        0.25    0.01   0.29     -0.31      0.06      0.24      0.44
gamma[9,10]       0.20    0.01   0.39     -0.55     -0.06      0.21      0.46
gamma[9,11]      -0.36    0.01   0.44     -1.21     -0.66     -0.36     -0.06
gamma[10,1]      -0.72    0.01   0.80     -2.26     -1.27     -0.74     -0.17
gamma[10,2]      -0.84    0.03   1.52     -3.75     -1.86     -0.84      0.17
gamma[10,3]       0.18    0.00   0.31     -0.41     -0.03      0.17      0.38
gamma[10,4]       0.19    0.00   0.11     -0.03      0.11      0.19      0.26
gamma[10,5]       0.29    0.00   0.17     -0.04      0.18      0.29      0.41
gamma[10,6]       2.16    0.01   0.69      0.83      1.68      2.15      2.62
gamma[10,7]       3.98    0.02   1.34      1.34      3.06      3.97      4.90
gamma[10,8]      -0.01    0.00   0.19     -0.38     -0.13     -0.01      0.12
gamma[10,9]      -0.09    0.00   0.09     -0.28     -0.16     -0.09     -0.03
gamma[10,10]      0.05    0.00   0.13     -0.21     -0.04      0.05      0.14
gamma[10,11]      0.00    0.00   0.15     -0.31     -0.10      0.00      0.10
gamma[11,1]      -0.06    0.01   0.67     -1.39     -0.51     -0.05      0.40
gamma[11,2]      -0.31    0.02   1.24     -2.74     -1.15     -0.30      0.52
gamma[11,3]      -0.10    0.01   0.35     -0.81     -0.34     -0.11      0.13
gamma[11,4]      -0.13    0.00   0.12     -0.38     -0.22     -0.13     -0.05
gamma[11,5]      -0.20    0.00   0.21     -0.59     -0.34     -0.20     -0.06
gamma[11,6]      -0.57    0.01   0.56     -1.67     -0.95     -0.57     -0.19
gamma[11,7]      -0.77    0.02   1.08     -2.94     -1.50     -0.75     -0.04
gamma[11,8]      -0.17    0.00   0.24     -0.63     -0.33     -0.17      0.00
gamma[11,9]       0.16    0.00   0.11     -0.05      0.09      0.16      0.23
gamma[11,10]      0.08    0.00   0.17     -0.25     -0.03      0.08      0.19
gamma[11,11]     -0.20    0.00   0.17     -0.54     -0.31     -0.20     -0.08
gamma[12,1]      -0.47    0.02   1.02     -2.46     -1.16     -0.49      0.21
gamma[12,2]      -0.61    0.04   1.87     -4.25     -1.87     -0.61      0.66
gamma[12,3]      -0.22    0.01   0.55     -1.31     -0.58     -0.22      0.14
gamma[12,4]      -0.02    0.00   0.17     -0.34     -0.13     -0.02      0.09
gamma[12,5]      -0.11    0.00   0.27     -0.62     -0.29     -0.12      0.06
gamma[12,6]      -0.11    0.02   0.82     -1.71     -0.69     -0.10      0.45
gamma[12,7]      -0.70    0.03   1.62     -3.86     -1.80     -0.70      0.41
gamma[12,8]       0.02    0.01   0.33     -0.61     -0.20      0.02      0.24
gamma[12,9]       0.10    0.00   0.14     -0.17      0.01      0.10      0.20
gamma[12,10]     -0.25    0.00   0.21     -0.65     -0.39     -0.25     -0.11
gamma[12,11]     -0.05    0.00   0.26     -0.57     -0.22     -0.05      0.12
gamma[13,1]      -0.19    0.01   0.47     -1.10     -0.51     -0.19      0.11
gamma[13,2]       0.16    0.01   0.74     -1.21     -0.34      0.12      0.63
gamma[13,3]      -0.10    0.01   0.40     -0.89     -0.36     -0.10      0.17
gamma[13,4]      -0.06    0.00   0.11     -0.27     -0.13     -0.06      0.01
gamma[13,5]       0.11    0.00   0.17     -0.21     -0.01      0.10      0.21
gamma[13,6]       0.22    0.01   0.38     -0.52     -0.03      0.22      0.48
gamma[13,7]       0.50    0.01   0.67     -0.79      0.04      0.50      0.94
gamma[13,8]      -0.01    0.00   0.25     -0.50     -0.17      0.00      0.16
gamma[13,9]       0.13    0.00   0.09     -0.05      0.07      0.13      0.19
gamma[13,10]     -0.11    0.00   0.13     -0.36     -0.19     -0.11     -0.03
gamma[13,11]     -0.08    0.00   0.16     -0.38     -0.18     -0.08      0.02
sig[1]            0.75    0.00   0.07      0.63      0.70      0.75      0.79
sig[2]            0.63    0.00   0.21      0.36      0.49      0.59      0.73
sig[3]            1.61    0.01   0.12      1.38      1.52      1.60      1.69
lp__         -10810.75    7.07 161.72 -11125.74 -10919.48 -10810.63 -10701.42
                 97.5% n_eff Rhat
gamma[1,1]        3.87  1658    1
gamma[1,2]        0.64  1732    1
gamma[1,3]       -0.15  3517    1
gamma[1,4]        0.39  4226    1
gamma[1,5]        0.28  4982    1
gamma[1,6]        0.96  3203    1
gamma[1,7]        1.20  4060    1
gamma[1,8]        0.38  3725    1
gamma[1,9]        0.15  6414    1
gamma[1,10]       0.21  8159    1
gamma[1,11]       1.53  4778    1
gamma[2,1]        1.29  2582    1
gamma[2,2]        2.80  2950    1
gamma[2,3]        1.06  3341    1
gamma[2,4]        0.29  4532    1
gamma[2,5]        0.49  4088    1
gamma[2,6]        1.80  2747    1
gamma[2,7]        3.45  3030    1
gamma[2,8]        0.57  4314    1
gamma[2,9]        0.29  4355    1
gamma[2,10]       0.38  4239    1
gamma[2,11]       0.48  4541    1
gamma[3,1]        1.43  2631    1
gamma[3,2]        3.52  2791    1
gamma[3,3]        0.71  3241    1
gamma[3,4]        0.28  4204    1
gamma[3,5]        0.64  3288    1
gamma[3,6]        1.53  2597    1
gamma[3,7]        3.48  2816    1
gamma[3,8]        0.18  3128    1
gamma[3,9]        0.55  4272    1
gamma[3,10]       0.03  4438    1
gamma[3,11]       0.03  4503    1
gamma[4,1]        3.12  3058    1
gamma[4,2]        3.92  3108    1
gamma[4,3]        1.98  3671    1
gamma[4,4]        0.65  4426    1
gamma[4,5]        0.70  3778    1
gamma[4,6]        1.83  2610    1
gamma[4,7]        2.14  2791    1
gamma[4,8]        1.68  3536    1
gamma[4,9]        0.15  4383    1
gamma[4,10]       1.12  4751    1
gamma[4,11]       1.30  4576    1
gamma[5,1]        1.18  2121    1
gamma[5,2]        0.84  2503    1
gamma[5,3]        1.06  3210    1
gamma[5,4]        0.35  4318    1
gamma[5,5]        0.15  4300    1
gamma[5,6]        1.89  2347    1
gamma[5,7]        3.45  2436    1
gamma[5,8]        0.54  2983    1
gamma[5,9]        0.25  4579    1
gamma[5,10]       0.30  5336    1
gamma[5,11]       0.30  4868    1
gamma[6,1]        0.55  2817    1
gamma[6,2]        1.47  3210    1
gamma[6,3]        0.49  3932    1
gamma[6,4]        0.14  5323    1
gamma[6,5]        0.36  5093    1
gamma[6,6]        1.40  2933    1
gamma[6,7]        2.40  3130    1
gamma[6,8]        0.42  4417    1
gamma[6,9]        0.18  4696    1
gamma[6,10]       0.19  5898    1
gamma[6,11]       0.04  5449    1
gamma[7,1]        0.62  2484    1
gamma[7,2]        2.02  2690    1
gamma[7,3]        0.09  3186    1
gamma[7,4]        0.56  3450    1
gamma[7,5]        0.70  3283    1
gamma[7,6]        2.27  2390    1
gamma[7,7]        4.16  2725    1
gamma[7,8]        0.35  2843    1
gamma[7,9]        0.26  2936    1
gamma[7,10]       0.26  3807    1
gamma[7,11]       0.58  3495    1
gamma[8,1]        3.31  2447    1
gamma[8,2]        4.16  2607    1
gamma[8,3]        3.47  2775    1
gamma[8,4]        0.39  3277    1
gamma[8,5]        0.42  3110    1
gamma[8,6]        3.59  2255    1
gamma[8,7]        6.49  2553    1
gamma[8,8]        1.87  2869    1
gamma[8,9]        0.74  2819    1
gamma[8,10]       0.88  3374    1
gamma[8,11]       0.38  3450    1
gamma[9,1]        3.01  2024    1
gamma[9,2]        3.90  2325    1
gamma[9,3]        3.36  2701    1
gamma[9,4]        0.33  3056    1
gamma[9,5]        0.40  2813    1
gamma[9,6]        2.03  1788    1
gamma[9,7]        3.31  2095    1
gamma[9,8]        1.85  2493    1
gamma[9,9]        0.83  2662    1
gamma[9,10]       0.99  3170    1
gamma[9,11]       0.51  3045    1
gamma[10,1]       0.88  3178    1
gamma[10,2]       2.16  3284    1
gamma[10,3]       0.79  4766    1
gamma[10,4]       0.40  5740    1
gamma[10,5]       0.63  5421    1
gamma[10,6]       3.50  3561    1
gamma[10,7]       6.59  3461    1
gamma[10,8]       0.36  6103    1
gamma[10,9]       0.09  6780    1
gamma[10,10]      0.31  8301    1
gamma[10,11]      0.30  5952    1
gamma[11,1]       1.26  2444    1
gamma[11,2]       2.15  2494    1
gamma[11,3]       0.59  3721    1
gamma[11,4]       0.10  4074    1
gamma[11,5]       0.21  3817    1
gamma[11,6]       0.52  2295    1
gamma[11,7]       1.38  2597    1
gamma[11,8]       0.30  3812    1
gamma[11,9]       0.37  3875    1
gamma[11,10]      0.40  4112    1
gamma[11,11]      0.13  4347    1
gamma[12,1]       1.52  1908    1
gamma[12,2]       3.04  2143    1
gamma[12,3]       0.85  3503    1
gamma[12,4]       0.32  4685    1
gamma[12,5]       0.42  3475    1
gamma[12,6]       1.52  2367    1
gamma[12,7]       2.45  2469    1
gamma[12,8]       0.69  3861    1
gamma[12,9]       0.39  3847    1
gamma[12,10]      0.14  4168    1
gamma[12,11]      0.44  4420    1
gamma[13,1]       0.77  2731    1
gamma[13,2]       1.66  2710    1
gamma[13,3]       0.69  3653    1
gamma[13,4]       0.15  5064    1
gamma[13,5]       0.45  3555    1
gamma[13,6]       0.98  3126    1
gamma[13,7]       1.85  3534    1
gamma[13,8]       0.48  4354    1
gamma[13,9]       0.31  4681    1
gamma[13,10]      0.14  5083    1
gamma[13,11]      0.23  4812    1
sig[1]            0.88  1622    1
sig[2]            1.14  2413    1
sig[3]            1.84   540    1
lp__         -10499.65   524    1

Samples were drawn using NUTS(diag_e) at Thu Aug 19 01:42:54 2021.
For each parameter, n_eff is a crude measure of effective sample size,
and Rhat is the potential scale reduction factor on split chains (at 
convergence, Rhat=1).
[1] "./rda/rainy_spab_50_model_inter_full_Full_Full.rda"
[1] "MCMC done!!"
