── Attaching packages ─────────────────────────────────────── tidyverse 1.3.1 ──
✔ ggplot2 3.3.3     ✔ purrr   0.3.4
✔ tibble  3.1.2     ✔ dplyr   1.0.6
✔ tidyr   1.1.3     ✔ stringr 1.4.0
✔ readr   1.4.0     ✔ forcats 0.5.1
── Conflicts ────────────────────────────────────────── tidyverse_conflicts() ──
✖ dplyr::filter() masks stats::filter()
✖ dplyr::lag()    masks stats::lag()
Loading required package: StanHeaders
rstan (Version 2.21.2, GitRev: 2e1f913d3ca3)
For execution on a local, multicore CPU with excess RAM we recommend calling
options(mc.cores = parallel::detectCores()).
To avoid recompilation of unchanged Stan programs, we recommend calling
rstan_options(auto_write = TRUE)

Attaching package: ‘rstan’

The following object is masked from ‘package:tidyr’:

    extract

This is bayesplot version 1.8.0
- Online documentation and vignettes at mc-stan.org/bayesplot
- bayesplot theme set to bayesplot::theme_default()
   * Does _not_ affect other ggplot2 plots
   * See ?bayesplot_theme_set for details on theme setting
[1] "Model  model_inter"
[1] "Model for  rainy season"
[1] "Use full"
[1] "Habitat = Full"
[1] "n_iter = 4000"
[1] "n_warm = 2000"
[1] "n_thin = 1"
[1] "n_chains = 4"
[1] "adapt_delta = 0.95"
[1] "minimum sp abund = 50"

── Column specification ────────────────────────────────────────────────────────
cols(
  qua = col_double(),
  gx = col_double(),
  gy = col_double(),
  plot = col_double(),
  tag = col_character(),
  quadrat = col_character(),
  SPcode = col_character(),
  height = col_double(),
  date = col_character(),
  census = col_character(),
  year = col_double(),
  season = col_character(),
  survive = col_double(),
  CONS = col_double(),
  CONA = col_double(),
  HETA = col_double(),
  HETS = col_double(),
  Rainfall = col_double(),
  habitat = col_character()
)


── Column specification ────────────────────────────────────────────────────────
cols(
  qua = col_double(),
  habit3 = col_character(),
  seedtrap = col_double(),
  habit5 = col_character()
)


── Column specification ────────────────────────────────────────────────────────
cols(
  SPcode = col_character(),
  LDMC = col_double(),
  WD = col_double(),
  SDMC = col_double(),
  LA = col_double(),
  SLA = col_double(),
  Chl = col_double(),
  LT = col_double(),
  C13 = col_double(),
  C = col_double(),
  N = col_double(),
  CN = col_double(),
  tlp = col_double()
)

No. of species
76
[1] "Sp-level: except for WD"
[1] "sp number in seedling data: 76"
[1] "sp number in trait data: 76"
data{
  int<lower=0> N; // number of sample
  int<lower=1> J; // number of sp
  int<lower=1> K; // number of tree-level preditor (i.e, CONS, HETS,...)
  int<lower=1> L; // number of sp-level predictor (i.e., interecept and WP)
  int<lower=1> M; // number of seedling individuals (tag)
  int<lower=1> S; // number of site
  int<lower=1> T; // number of census
  matrix[N, K] x; // tree-level predictor
  matrix[J, L] u; // sp-level predictor
  int<lower=0,upper=1> suv[N]; // 1 or 0
  int<lower=1,upper=J> sp[N]; // integer
  int<lower=1,upper=S> plot[N]; // integer
  int<lower=1,upper=T> census[N]; // integer
  int<lower=1> tag[N]; // integer
}

parameters{
  matrix[K, J] z;
  vector[S] phi_raw;
  vector[T] xi_raw;
  vector[M] psi_raw;
  matrix[L, K] gamma;
  cholesky_factor_corr[K] L_Omega;
  vector<lower=0,upper=pi()/2>[K] tau_unif;
  vector<lower=0,upper=pi()/2>[3] sig_unif;
}

transformed parameters{
  matrix[J, K] beta;
  vector<lower=0>[K] tau;
  vector<lower=0>[3] sig;
  vector[S] phi;
  vector[T] xi;
  vector[M] psi;
  for (k in 1:K) tau[k] = 2.5 * tan(tau_unif[k]); // implies tau ~ cauchy(0, 2.5)
  for (i in 1:3) sig[i] = 2.5 * tan(sig_unif[i]); // implies sig ~ cauchy(0, 2.5)
  beta = u * gamma + (diag_pre_multiply(tau,L_Omega) * z)';
  phi = phi_raw * sig[1];
  xi = xi_raw * sig[2];
  psi = psi_raw * sig[3];
}

model {
  // Hyper-priors
  to_vector(z) ~ std_normal();
  to_vector(phi_raw) ~ std_normal();
  to_vector(xi_raw) ~ std_normal();
  to_vector(psi_raw) ~ std_normal();
  L_Omega ~ lkj_corr_cholesky(2); // uniform of L_Omega * L_Omega'
  // Priors
  to_vector(gamma) ~ normal(0, 5);
  // Likelihood
  suv ~ bernoulli_logit(rows_dot_product(beta[sp] , x) + phi[plot] + xi[census] + psi[tag]);
}

generated quantities {
  vector[N] log_lik;
  corr_matrix[K] Omega;
  Omega = multiply_lower_tri_self_transpose(L_Omega);
  for (n in 1:N) {
    log_lik[n] = bernoulli_logit_lpmf(suv[n] | dot_product(beta[sp[n],] , x[n,]) + phi[plot[n]] + xi[census[n]] + psi[tag[n]]);
  }
}
[1] "use c = 0.24 as a scaling parameter for the distance effect"
[1] "n_sp = J =76"
[1] "n_para = K = 11"
[1] "n_plot = S = 384"
[1] "n_census = T = 10"
[1] "n_tag = M = 7859"

CHECKING DATA AND PREPROCESSING FOR MODEL 'model_inter' NOW.

COMPILING MODEL 'model_inter' NOW.

STARTING SAMPLER FOR MODEL 'model_inter' NOW.

CHECKING DATA AND PREPROCESSING FOR MODEL 'model_inter' NOW.

CHECKING DATA AND PREPROCESSING FOR MODEL 'model_inter' NOW.

COMPILING MODEL 'model_inter' NOW.

STARTING SAMPLER FOR MODEL 'model_inter' NOW.

CHECKING DATA AND PREPROCESSING FOR MODEL 'model_inter' NOW.

COMPILING MODEL 'model_inter' NOW.

STARTING SAMPLER FOR MODEL 'model_inter' NOW.

COMPILING MODEL 'model_inter' NOW.

STARTING SAMPLER FOR MODEL 'model_inter' NOW.

CHECKING DATA AND PREPROCESSING FOR MODEL 'model_inter' NOW.

COMPILING MODEL 'model_inter' NOW.

STARTING SAMPLER FOR MODEL 'model_inter' NOW.

SAMPLING FOR MODEL 'model_inter' NOW (CHAIN 1).

SAMPLING FOR MODEL 'model_inter' NOW (CHAIN 2).

SAMPLING FOR MODEL 'model_inter' NOW (CHAIN 3).

SAMPLING FOR MODEL 'model_inter' NOW (CHAIN 4).
Chain 4: 
Chain 4: Gradient evaluation took 0.036052 seconds
Chain 4: 1000 transitions using 10 leapfrog steps per transition would take 360.52 seconds.
Chain 4: Adjust your expectations accordingly!
Chain 4: 
Chain 4: 
Chain 2: 
Chain 2: Gradient evaluation took 0.038442 seconds
Chain 2: 1000 transitions using 10 leapfrog steps per transition would take 384.42 seconds.
Chain 2: Adjust your expectations accordingly!
Chain 2: 
Chain 2: 
Chain 1: 
Chain 1: Gradient evaluation took 0.033432 seconds
Chain 1: 1000 transitions using 10 leapfrog steps per transition would take 334.32 seconds.
Chain 1: Adjust your expectations accordingly!
Chain 1: 
Chain 1: 
Chain 3: 
Chain 3: Gradient evaluation took 0.03762 seconds
Chain 3: 1000 transitions using 10 leapfrog steps per transition would take 376.2 seconds.
Chain 3: Adjust your expectations accordingly!
Chain 3: 
Chain 3: 
Chain 1: Iteration:    1 / 4000 [  0%]  (Warmup)
Chain 4: Iteration:    1 / 4000 [  0%]  (Warmup)
Chain 2: Iteration:    1 / 4000 [  0%]  (Warmup)
Chain 3: Iteration:    1 / 4000 [  0%]  (Warmup)
Chain 1: Iteration:  200 / 4000 [  5%]  (Warmup)
Chain 2: Iteration:  200 / 4000 [  5%]  (Warmup)
Chain 4: Iteration:  200 / 4000 [  5%]  (Warmup)
Chain 3: Iteration:  200 / 4000 [  5%]  (Warmup)
Chain 3: Iteration:  400 / 4000 [ 10%]  (Warmup)
Chain 1: Iteration:  400 / 4000 [ 10%]  (Warmup)
Chain 2: Iteration:  400 / 4000 [ 10%]  (Warmup)
Chain 4: Iteration:  400 / 4000 [ 10%]  (Warmup)
Chain 1: Iteration:  600 / 4000 [ 15%]  (Warmup)
Chain 3: Iteration:  600 / 4000 [ 15%]  (Warmup)
Chain 4: Iteration:  600 / 4000 [ 15%]  (Warmup)
Chain 2: Iteration:  600 / 4000 [ 15%]  (Warmup)
Chain 3: Iteration:  800 / 4000 [ 20%]  (Warmup)
Chain 1: Iteration:  800 / 4000 [ 20%]  (Warmup)
Chain 4: Iteration:  800 / 4000 [ 20%]  (Warmup)
Chain 2: Iteration:  800 / 4000 [ 20%]  (Warmup)
Chain 3: Iteration: 1000 / 4000 [ 25%]  (Warmup)
Chain 4: Iteration: 1000 / 4000 [ 25%]  (Warmup)
Chain 1: Iteration: 1000 / 4000 [ 25%]  (Warmup)
Chain 2: Iteration: 1000 / 4000 [ 25%]  (Warmup)
Chain 4: Iteration: 1200 / 4000 [ 30%]  (Warmup)
Chain 3: Iteration: 1200 / 4000 [ 30%]  (Warmup)
Chain 1: Iteration: 1200 / 4000 [ 30%]  (Warmup)
Chain 2: Iteration: 1200 / 4000 [ 30%]  (Warmup)
Chain 4: Iteration: 1400 / 4000 [ 35%]  (Warmup)
Chain 3: Iteration: 1400 / 4000 [ 35%]  (Warmup)
Chain 2: Iteration: 1400 / 4000 [ 35%]  (Warmup)
Chain 1: Iteration: 1400 / 4000 [ 35%]  (Warmup)
Chain 4: Iteration: 1600 / 4000 [ 40%]  (Warmup)
Chain 3: Iteration: 1600 / 4000 [ 40%]  (Warmup)
Chain 2: Iteration: 1600 / 4000 [ 40%]  (Warmup)
Chain 1: Iteration: 1600 / 4000 [ 40%]  (Warmup)
Chain 4: Iteration: 1800 / 4000 [ 45%]  (Warmup)
Chain 3: Iteration: 1800 / 4000 [ 45%]  (Warmup)
Chain 2: Iteration: 1800 / 4000 [ 45%]  (Warmup)
Chain 1: Iteration: 1800 / 4000 [ 45%]  (Warmup)
Chain 4: Iteration: 2000 / 4000 [ 50%]  (Warmup)
Chain 4: Iteration: 2001 / 4000 [ 50%]  (Sampling)
Chain 3: Iteration: 2000 / 4000 [ 50%]  (Warmup)
Chain 2: Iteration: 2000 / 4000 [ 50%]  (Warmup)
Chain 3: Iteration: 2001 / 4000 [ 50%]  (Sampling)
Chain 2: Iteration: 2001 / 4000 [ 50%]  (Sampling)
Chain 1: Iteration: 2000 / 4000 [ 50%]  (Warmup)
Chain 1: Iteration: 2001 / 4000 [ 50%]  (Sampling)
Chain 2: Iteration: 2200 / 4000 [ 55%]  (Sampling)
Chain 4: Iteration: 2200 / 4000 [ 55%]  (Sampling)
Chain 3: Iteration: 2200 / 4000 [ 55%]  (Sampling)
Chain 2: Iteration: 2400 / 4000 [ 60%]  (Sampling)
Chain 1: Iteration: 2200 / 4000 [ 55%]  (Sampling)
Chain 2: Iteration: 2600 / 4000 [ 65%]  (Sampling)
Chain 4: Iteration: 2400 / 4000 [ 60%]  (Sampling)
Chain 3: Iteration: 2400 / 4000 [ 60%]  (Sampling)
Chain 2: Iteration: 2800 / 4000 [ 70%]  (Sampling)
Chain 1: Iteration: 2400 / 4000 [ 60%]  (Sampling)
Chain 2: Iteration: 3000 / 4000 [ 75%]  (Sampling)
Chain 4: Iteration: 2600 / 4000 [ 65%]  (Sampling)
Chain 2: Iteration: 3200 / 4000 [ 80%]  (Sampling)
Chain 3: Iteration: 2600 / 4000 [ 65%]  (Sampling)
Chain 1: Iteration: 2600 / 4000 [ 65%]  (Sampling)
Chain 2: Iteration: 3400 / 4000 [ 85%]  (Sampling)
Chain 4: Iteration: 2800 / 4000 [ 70%]  (Sampling)
Chain 2: Iteration: 3600 / 4000 [ 90%]  (Sampling)
Chain 3: Iteration: 2800 / 4000 [ 70%]  (Sampling)
Chain 1: Iteration: 2800 / 4000 [ 70%]  (Sampling)
Chain 2: Iteration: 3800 / 4000 [ 95%]  (Sampling)
Chain 4: Iteration: 3000 / 4000 [ 75%]  (Sampling)
Chain 2: Iteration: 4000 / 4000 [100%]  (Sampling)
Chain 2: 
Chain 2:  Elapsed Time: 204546 seconds (Warm-up)
Chain 2:                77295.7 seconds (Sampling)
Chain 2:                281842 seconds (Total)
Chain 2: 
Chain 3: Iteration: 3000 / 4000 [ 75%]  (Sampling)
Chain 1: Iteration: 3000 / 4000 [ 75%]  (Sampling)
Chain 4: Iteration: 3200 / 4000 [ 80%]  (Sampling)
Chain 3: Iteration: 3200 / 4000 [ 80%]  (Sampling)
Chain 1: Iteration: 3200 / 4000 [ 80%]  (Sampling)
Chain 4: Iteration: 3400 / 4000 [ 85%]  (Sampling)
Chain 3: Iteration: 3400 / 4000 [ 85%]  (Sampling)
Chain 1: Iteration: 3400 / 4000 [ 85%]  (Sampling)
Chain 4: Iteration: 3600 / 4000 [ 90%]  (Sampling)
Chain 3: Iteration: 3600 / 4000 [ 90%]  (Sampling)
Chain 1: Iteration: 3600 / 4000 [ 90%]  (Sampling)
Chain 4: Iteration: 3800 / 4000 [ 95%]  (Sampling)
Chain 3: Iteration: 3800 / 4000 [ 95%]  (Sampling)
Chain 1: Iteration: 3800 / 4000 [ 95%]  (Sampling)
Chain 4: Iteration: 4000 / 4000 [100%]  (Sampling)
Chain 4: 
Chain 4:  Elapsed Time: 200122 seconds (Warm-up)
Chain 4:                116644 seconds (Sampling)
Chain 4:                316766 seconds (Total)
Chain 4: 
Chain 3: Iteration: 4000 / 4000 [100%]  (Sampling)
Chain 3: 
Chain 3:  Elapsed Time: 204397 seconds (Warm-up)
Chain 3:                113739 seconds (Sampling)
Chain 3:                318136 seconds (Total)
Chain 3: 
Chain 1: Iteration: 4000 / 4000 [100%]  (Sampling)
Chain 1: 
Chain 1:  Elapsed Time: 212839 seconds (Warm-up)
Chain 1:                105634 seconds (Sampling)
Chain 1:                318473 seconds (Total)
Chain 1: 
Inference for Stan model: model_inter.
4 chains, each with iter=4000; warmup=2000; thin=1; 
post-warmup draws per chain=2000, total post-warmup draws=8000.

                  mean se_mean     sd      2.5%       25%       50%       75%
gamma[1,1]        2.84    0.01   0.50      1.89      2.51      2.84      3.17
gamma[1,2]       -0.80    0.02   0.74     -2.34     -1.26     -0.77     -0.30
gamma[1,3]       -0.67    0.00   0.28     -1.23     -0.86     -0.67     -0.49
gamma[1,4]        0.18    0.00   0.09      0.02      0.12      0.18      0.24
gamma[1,5]        0.02    0.00   0.13     -0.24     -0.07      0.02      0.10
gamma[1,6]        0.32    0.01   0.35     -0.37      0.08      0.31      0.55
gamma[1,7]        0.17    0.01   0.49     -0.76     -0.17      0.17      0.50
gamma[1,8]        0.08    0.00   0.17     -0.24     -0.03      0.08      0.19
gamma[1,9]        0.01    0.00   0.07     -0.12     -0.03      0.01      0.06
gamma[1,10]       0.00    0.00   0.09     -0.18     -0.07      0.00      0.06
gamma[1,11]       1.25    0.00   0.12      1.02      1.17      1.25      1.33
gamma[2,1]       -0.31    0.01   0.71     -1.69     -0.78     -0.31      0.16
gamma[2,2]        0.23    0.02   1.16     -1.98     -0.55      0.22      1.00
gamma[2,3]        0.02    0.01   0.46     -0.88     -0.29      0.02      0.32
gamma[2,4]        0.02    0.00   0.13     -0.24     -0.06      0.02      0.11
gamma[2,5]        0.12    0.00   0.20     -0.28     -0.02      0.12      0.26
gamma[2,6]        0.64    0.01   0.60     -0.53      0.23      0.64      1.04
gamma[2,7]        1.46    0.02   1.10     -0.68      0.72      1.45      2.20
gamma[2,8]       -0.07    0.00   0.28     -0.61     -0.26     -0.07      0.12
gamma[2,9]        0.06    0.00   0.11     -0.16     -0.01      0.06      0.13
gamma[2,10]       0.10    0.00   0.16     -0.21      0.00      0.10      0.20
gamma[2,11]       0.08    0.00   0.20     -0.33     -0.05      0.09      0.22
gamma[3,1]        0.66    0.01   0.56     -0.45      0.28      0.67      1.04
gamma[3,2]        0.80    0.02   1.02     -1.25      0.12      0.81      1.47
gamma[3,3]        0.09    0.01   0.34     -0.56     -0.13      0.10      0.32
gamma[3,4]        0.00    0.00   0.11     -0.20     -0.07      0.00      0.07
gamma[3,5]       -0.13    0.00   0.16     -0.44     -0.24     -0.14     -0.03
gamma[3,6]        0.02    0.01   0.45     -0.86     -0.27      0.02      0.31
gamma[3,7]       -0.43    0.02   0.86     -2.12     -1.01     -0.44      0.15
gamma[3,8]        0.17    0.00   0.21     -0.23      0.03      0.17      0.32
gamma[3,9]       -0.15    0.00   0.09     -0.33     -0.21     -0.15     -0.09
gamma[3,10]      -0.01    0.00   0.13     -0.26     -0.09     -0.01      0.07
gamma[3,11]       0.05    0.00   0.17     -0.28     -0.07      0.05      0.16
gamma[4,1]       -0.06    0.01   0.67     -1.33     -0.51     -0.06      0.39
gamma[4,2]       -1.55    0.02   1.20     -3.91     -2.34     -1.54     -0.74
gamma[4,3]        0.34    0.01   0.40     -0.43      0.07      0.33      0.59
gamma[4,4]        0.13    0.00   0.12     -0.09      0.05      0.12      0.20
gamma[4,5]       -0.22    0.00   0.19     -0.58     -0.34     -0.22     -0.09
gamma[4,6]        0.89    0.01   0.57     -0.22      0.52      0.89      1.26
gamma[4,7]        1.25    0.02   1.13     -0.96      0.49      1.25      2.02
gamma[4,8]        0.11    0.00   0.24     -0.37     -0.06      0.10      0.27
gamma[4,9]        0.04    0.00   0.10     -0.14     -0.03      0.04      0.11
gamma[4,10]      -0.01    0.00   0.14     -0.30     -0.10      0.00      0.09
gamma[4,11]      -0.03    0.00   0.18     -0.39     -0.15     -0.03      0.09
gamma[5,1]       -0.42    0.01   0.51     -1.42     -0.76     -0.43     -0.09
gamma[5,2]       -0.25    0.02   0.91     -2.03     -0.86     -0.25      0.36
gamma[5,3]       -0.08    0.00   0.29     -0.64     -0.27     -0.08      0.10
gamma[5,4]       -0.03    0.00   0.09     -0.20     -0.09     -0.03      0.03
gamma[5,5]        0.08    0.00   0.14     -0.20     -0.02      0.08      0.17
gamma[5,6]        0.64    0.01   0.40     -0.14      0.36      0.64      0.90
gamma[5,7]        0.95    0.01   0.77     -0.53      0.41      0.94      1.47
gamma[5,8]        0.12    0.00   0.17     -0.20      0.01      0.12      0.23
gamma[5,9]        0.02    0.00   0.07     -0.12     -0.03      0.02      0.07
gamma[5,10]       0.01    0.00   0.11     -0.20     -0.06      0.01      0.08
gamma[5,11]      -0.21    0.00   0.14     -0.48     -0.30     -0.21     -0.11
gamma[6,1]       -1.26    0.02   0.84     -2.90     -1.83     -1.24     -0.69
gamma[6,2]       -1.43    0.03   1.50     -4.42     -2.40     -1.40     -0.42
gamma[6,3]       -0.74    0.01   0.45     -1.64     -1.05     -0.73     -0.45
gamma[6,4]        0.26    0.00   0.15     -0.04      0.16      0.26      0.36
gamma[6,5]        0.21    0.00   0.23     -0.25      0.05      0.21      0.36
gamma[6,6]        0.59    0.01   0.71     -0.79      0.11      0.58      1.07
gamma[6,7]        0.95    0.02   1.32     -1.65      0.06      0.95      1.87
gamma[6,8]       -0.08    0.00   0.27     -0.63     -0.26     -0.08      0.10
gamma[6,9]       -0.01    0.00   0.13     -0.27     -0.10     -0.01      0.07
gamma[6,10]      -0.03    0.00   0.18     -0.38     -0.15     -0.03      0.09
gamma[6,11]       0.25    0.00   0.22     -0.20      0.10      0.25      0.40
gamma[7,1]        0.37    0.03   1.56     -2.74     -0.65      0.41      1.42
gamma[7,2]       -0.92    0.04   2.39     -5.44     -2.54     -0.96      0.64
gamma[7,3]        1.40    0.02   1.05     -0.69      0.72      1.41      2.09
gamma[7,4]       -0.31    0.01   0.31     -0.91     -0.52     -0.31     -0.11
gamma[7,5]       -0.52    0.01   0.43     -1.36     -0.80     -0.52     -0.23
gamma[7,6]        1.35    0.02   1.18     -0.97      0.55      1.34      2.12
gamma[7,7]        2.47    0.04   2.14     -1.70      1.01      2.52      3.90
gamma[7,8]        0.29    0.01   0.64     -0.91     -0.14      0.27      0.69
gamma[7,9]        0.20    0.00   0.26     -0.30      0.03      0.20      0.37
gamma[7,10]      -0.05    0.01   0.32     -0.68     -0.27     -0.06      0.17
gamma[7,11]      -0.63    0.01   0.41     -1.41     -0.90     -0.62     -0.36
gamma[8,1]        0.09    0.03   1.44     -2.79     -0.86      0.09      1.05
gamma[8,2]       -0.93    0.05   2.35     -5.55     -2.49     -1.00      0.63
gamma[8,3]        1.22    0.02   1.00     -0.72      0.55      1.22      1.87
gamma[8,4]       -0.39    0.01   0.31     -0.99     -0.60     -0.39     -0.19
gamma[8,5]       -0.66    0.01   0.46     -1.58     -0.97     -0.66     -0.35
gamma[8,6]       -0.16    0.02   1.17     -2.45     -0.91     -0.17      0.64
gamma[8,7]       -0.51    0.05   2.18     -4.75     -1.99     -0.49      0.98
gamma[8,8]        0.24    0.01   0.59     -0.88     -0.16      0.22      0.62
gamma[8,9]        0.30    0.00   0.26     -0.20      0.13      0.29      0.47
gamma[8,10]      -0.11    0.01   0.34     -0.78     -0.35     -0.12      0.12
gamma[8,11]      -0.61    0.01   0.44     -1.46     -0.91     -0.61     -0.33
gamma[9,1]       -0.58    0.01   0.76     -2.11     -1.10     -0.58     -0.08
gamma[9,2]       -0.59    0.03   1.43     -3.44     -1.53     -0.58      0.36
gamma[9,3]        0.18    0.00   0.30     -0.40     -0.02      0.18      0.37
gamma[9,4]        0.18    0.00   0.11     -0.03      0.11      0.18      0.25
gamma[9,5]        0.29    0.00   0.16     -0.03      0.18      0.29      0.40
gamma[9,6]        2.28    0.01   0.65      1.04      1.84      2.27      2.72
gamma[9,7]        4.18    0.02   1.26      1.73      3.31      4.17      5.03
gamma[9,8]        0.02    0.00   0.18     -0.34     -0.10      0.02      0.14
gamma[9,9]       -0.09    0.00   0.09     -0.27     -0.16     -0.10     -0.03
gamma[9,10]       0.04    0.00   0.13     -0.21     -0.05      0.04      0.13
gamma[9,11]       0.00    0.00   0.15     -0.30     -0.10      0.00      0.10
gamma[10,1]      -0.02    0.01   0.64     -1.30     -0.44     -0.01      0.41
gamma[10,2]      -0.42    0.02   1.18     -2.74     -1.20     -0.42      0.38
gamma[10,3]      -0.02    0.01   0.33     -0.69     -0.23     -0.01      0.21
gamma[10,4]      -0.09    0.00   0.12     -0.33     -0.17     -0.09     -0.01
gamma[10,5]      -0.17    0.00   0.20     -0.54     -0.30     -0.17     -0.04
gamma[10,6]      -0.44    0.01   0.56     -1.54     -0.81     -0.44     -0.06
gamma[10,7]      -0.61    0.02   1.08     -2.68     -1.36     -0.59      0.13
gamma[10,8]      -0.08    0.00   0.23     -0.52     -0.23     -0.07      0.07
gamma[10,9]       0.14    0.00   0.10     -0.06      0.07      0.14      0.21
gamma[10,10]      0.16    0.00   0.16     -0.16      0.05      0.16      0.26
gamma[10,11]     -0.13    0.00   0.17     -0.46     -0.24     -0.13     -0.02
gamma[11,1]      -0.47    0.02   0.96     -2.30     -1.11     -0.47      0.15
gamma[11,2]      -0.75    0.03   1.72     -4.14     -1.91     -0.74      0.41
gamma[11,3]      -0.17    0.01   0.53     -1.21     -0.52     -0.16      0.18
gamma[11,4]       0.01    0.00   0.16     -0.31     -0.10      0.00      0.12
gamma[11,5]      -0.11    0.00   0.26     -0.60     -0.28     -0.11      0.06
gamma[11,6]      -0.09    0.02   0.80     -1.65     -0.62     -0.10      0.45
gamma[11,7]      -0.77    0.03   1.56     -3.82     -1.83     -0.76      0.30
gamma[11,8]       0.10    0.00   0.32     -0.51     -0.11      0.10      0.31
gamma[11,9]       0.10    0.00   0.14     -0.16      0.01      0.09      0.18
gamma[11,10]     -0.18    0.00   0.19     -0.56     -0.30     -0.17     -0.04
gamma[11,11]      0.00    0.00   0.25     -0.49     -0.17      0.00      0.17
gamma[12,1]      -0.27    0.01   0.45     -1.13     -0.57     -0.27      0.02
gamma[12,2]       0.13    0.01   0.69     -1.16     -0.33      0.11      0.57
gamma[12,3]      -0.16    0.01   0.39     -0.92     -0.42     -0.16      0.09
gamma[12,4]      -0.04    0.00   0.10     -0.25     -0.11     -0.04      0.03
gamma[12,5]       0.12    0.00   0.16     -0.18      0.00      0.11      0.22
gamma[12,6]       0.12    0.01   0.36     -0.61     -0.12      0.13      0.37
gamma[12,7]       0.45    0.01   0.65     -0.81      0.02      0.45      0.90
gamma[12,8]      -0.05    0.00   0.24     -0.52     -0.21     -0.05      0.11
gamma[12,9]       0.12    0.00   0.09     -0.05      0.06      0.12      0.18
gamma[12,10]     -0.04    0.00   0.12     -0.28     -0.12     -0.04      0.04
gamma[12,11]     -0.04    0.00   0.16     -0.36     -0.15     -0.04      0.06
sig[1]            0.74    0.00   0.06      0.62      0.70      0.74      0.78
sig[2]            0.62    0.00   0.20      0.35      0.48      0.58      0.71
sig[3]            1.56    0.00   0.12      1.34      1.48      1.56      1.64
lp__         -10865.55    6.37 155.43 -11167.59 -10973.29 -10864.22 -10759.80
                 97.5% n_eff Rhat
gamma[1,1]        3.84  1914 1.00
gamma[1,2]        0.56  1662 1.00
gamma[1,3]       -0.11  3415 1.00
gamma[1,4]        0.36  4881 1.00
gamma[1,5]        0.27  5525 1.00
gamma[1,6]        1.02  3949 1.00
gamma[1,7]        1.17  4382 1.00
gamma[1,8]        0.41  4823 1.00
gamma[1,9]        0.15  6689 1.00
gamma[1,10]       0.17  7812 1.00
gamma[1,11]       1.49  4387 1.00
gamma[2,1]        1.11  2586 1.00
gamma[2,2]        2.49  2770 1.00
gamma[2,3]        0.92  2958 1.00
gamma[2,4]        0.28  4283 1.00
gamma[2,5]        0.51  4053 1.00
gamma[2,6]        1.83  2492 1.00
gamma[2,7]        3.65  2548 1.00
gamma[2,8]        0.48  4618 1.00
gamma[2,9]        0.28  3761 1.00
gamma[2,10]       0.41  4660 1.00
gamma[2,11]       0.47  4075 1.00
gamma[3,1]        1.75  3318 1.00
gamma[3,2]        2.79  3541 1.00
gamma[3,3]        0.75  4200 1.00
gamma[3,4]        0.22  5626 1.00
gamma[3,5]        0.20  5497 1.00
gamma[3,6]        0.91  3159 1.00
gamma[3,7]        1.26  2881 1.00
gamma[3,8]        0.59  6751 1.00
gamma[3,9]        0.03  6098 1.00
gamma[3,10]       0.23  8649 1.00
gamma[3,11]       0.38  5599 1.00
gamma[4,1]        1.28  2876 1.00
gamma[4,2]        0.81  2944 1.00
gamma[4,3]        1.13  3629 1.00
gamma[4,4]        0.36  4957 1.00
gamma[4,5]        0.15  4100 1.00
gamma[4,6]        2.02  2696 1.00
gamma[4,7]        3.48  2451 1.00
gamma[4,8]        0.59  4384 1.00
gamma[4,9]        0.25  4504 1.00
gamma[4,10]       0.28  5323 1.00
gamma[4,11]       0.32  4651 1.00
gamma[5,1]        0.59  3296 1.00
gamma[5,2]        1.51  3496 1.00
gamma[5,3]        0.49  4228 1.00
gamma[5,4]        0.15  5361 1.00
gamma[5,5]        0.36  6178 1.00
gamma[5,6]        1.43  3151 1.00
gamma[5,7]        2.48  2835 1.00
gamma[5,8]        0.46  5858 1.00
gamma[5,9]        0.16  4823 1.00
gamma[5,10]       0.22  6600 1.00
gamma[5,11]       0.06  5359 1.00
gamma[6,1]        0.41  2709 1.00
gamma[6,2]        1.45  3045 1.00
gamma[6,3]        0.15  3212 1.00
gamma[6,4]        0.55  3696 1.00
gamma[6,5]        0.66  3681 1.00
gamma[6,6]        1.97  3310 1.00
gamma[6,7]        3.49  3488 1.00
gamma[6,8]        0.42  3558 1.00
gamma[6,9]        0.23  3374 1.00
gamma[6,10]       0.32  4533 1.00
gamma[6,11]       0.68  3660 1.00
gamma[7,1]        3.34  2540 1.00
gamma[7,2]        3.98  3016 1.00
gamma[7,3]        3.45  2509 1.00
gamma[7,4]        0.29  3380 1.00
gamma[7,5]        0.32  3232 1.00
gamma[7,6]        3.70  3064 1.00
gamma[7,7]        6.67  3034 1.00
gamma[7,8]        1.63  3214 1.00
gamma[7,9]        0.73  3210 1.00
gamma[7,10]       0.56  3836 1.00
gamma[7,11]       0.17  3495 1.00
gamma[8,1]        2.86  2295 1.00
gamma[8,2]        3.77  2546 1.00
gamma[8,3]        3.16  2410 1.00
gamma[8,4]        0.21  3260 1.00
gamma[8,5]        0.25  3002 1.00
gamma[8,6]        2.17  2184 1.00
gamma[8,7]        3.66  2146 1.00
gamma[8,8]        1.50  2867 1.00
gamma[8,9]        0.82  2862 1.00
gamma[8,10]       0.55  3601 1.00
gamma[8,11]       0.23  3045 1.00
gamma[9,1]        0.90  2872 1.00
gamma[9,2]        2.20  3110 1.00
gamma[9,3]        0.78  4630 1.00
gamma[9,4]        0.39  5907 1.00
gamma[9,5]        0.61  5392 1.00
gamma[9,6]        3.55  3946 1.00
gamma[9,7]        6.59  3962 1.00
gamma[9,8]        0.37  7875 1.00
gamma[9,9]        0.08  7430 1.00
gamma[9,10]       0.29  7532 1.00
gamma[9,11]       0.29  6936 1.00
gamma[10,1]       1.19  2963 1.00
gamma[10,2]       1.86  3133 1.00
gamma[10,3]       0.61  3401 1.00
gamma[10,4]       0.14  4075 1.00
gamma[10,5]       0.22  3457 1.00
gamma[10,6]       0.66  2512 1.00
gamma[10,7]       1.47  2562 1.00
gamma[10,8]       0.37  3946 1.00
gamma[10,9]       0.34  3878 1.00
gamma[10,10]      0.46  4302 1.00
gamma[10,11]      0.20  4451 1.00
gamma[11,1]       1.42  2576 1.00
gamma[11,2]       2.62  2664 1.00
gamma[11,3]       0.88  3183 1.00
gamma[11,4]       0.33  4518 1.00
gamma[11,5]       0.39  3642 1.00
gamma[11,6]       1.45  2234 1.00
gamma[11,7]       2.29  2186 1.00
gamma[11,8]       0.74  4075 1.00
gamma[11,9]       0.38  3814 1.00
gamma[11,10]      0.20  4621 1.00
gamma[11,11]      0.50  4631 1.00
gamma[12,1]       0.63  2744 1.00
gamma[12,2]       1.55  2579 1.00
gamma[12,3]       0.60  3750 1.00
gamma[12,4]       0.16  4806 1.00
gamma[12,5]       0.45  4585 1.00
gamma[12,6]       0.83  2925 1.00
gamma[12,7]       1.74  3139 1.00
gamma[12,8]       0.41  5114 1.00
gamma[12,9]       0.29  4895 1.00
gamma[12,10]      0.19  5765 1.00
gamma[12,11]      0.27  5540 1.00
sig[1]            0.87  1959 1.00
sig[2]            1.11  2934 1.00
sig[3]            1.79   650 1.01
lp__         -10563.50   595 1.01

Samples were drawn using NUTS(diag_e) at Tue Aug 24 08:21:26 2021.
For each parameter, n_eff is a crude measure of effective sample size,
and Rhat is the potential scale reduction factor on split chains (at 
convergence, Rhat=1).
[1] "./rda/rainy_spab_50_model_inter_full_WD_Full.rda"
[1] "MCMC done!!"
